Using pre-set license
Built from '2020.2/staging' branch; Version is '2020.2.6f1 (8a2143876886) revision 9052483'; Using compiler version '192528614'; Build Type 'Release'
OS: 'Windows 10 Education; OS build 19043.1586; Version 2009; 64bit' Language: 'en' Physical Memory: 16332 MB
BatchMode: 1, IsHumanControllingUs: 0, StartBugReporterOnCrash: 0, Is64bit: 1, IsPro: 0

 COMMAND LINE ARGUMENTS:
E:\Unity\2020.2.6f1\Editor\Unity.exe
-adb2
-batchMode
-noUpm
-name
AssetImportWorker1
-projectPath
E:/Game Dev/Github/Olivia_ZombieSurvival/Olivia_ZombieSurvival/Olivia_ZombieSurvival
-logFile
Logs/AssetImportWorker1.log
-srvPort
63143
Successfully changed project path to: E:/Game Dev/Github/Olivia_ZombieSurvival/Olivia_ZombieSurvival/Olivia_ZombieSurvival
E:/Game Dev/Github/Olivia_ZombieSurvival/Olivia_ZombieSurvival/Olivia_ZombieSurvival
Using Asset Import Pipeline V2.
Refreshing native plugins compatible for Editor in 50.52 ms, found 0 plugins.
Preloading 0 native plugins for Editor in 0.00 ms.
Initialize engine version: 2020.2.6f1 (8a2143876886)
[Subsystems] Discovering subsystems at path E:/Unity/2020.2.6f1/Editor/Data/Resources/UnitySubsystems
[Subsystems] Discovering subsystems at path E:/Game Dev/Github/Olivia_ZombieSurvival/Olivia_ZombieSurvival/Olivia_ZombieSurvival/Assets
GfxDevice: creating device client; threaded=0
Direct3D:
    Version:  Direct3D 11.0 [level 11.1]
    Renderer: NVIDIA GeForce GTX 1660 (ID=0x2184)
    Vendor:   
    VRAM:     5991 MB
    Driver:   27.21.14.5671
Initialize mono
Mono path[0] = 'E:/Unity/2020.2.6f1/Editor/Data/Managed'
Mono path[1] = 'E:/Unity/2020.2.6f1/Editor/Data/MonoBleedingEdge/lib/mono/unityjit'
Mono config path = 'E:/Unity/2020.2.6f1/Editor/Data/MonoBleedingEdge/etc'
Using monoOptions --debugger-agent=transport=dt_socket,embedding=1,server=y,suspend=n,address=127.0.0.1:56244
Begin MonoManager ReloadAssembly
Registering precompiled unity dll's ...
Register platform support module: E:/Unity/2020.2.6f1/Editor/Data/PlaybackEngines/WindowsStandaloneSupport/UnityEditor.WindowsStandalone.Extensions.dll
Registered in 0.000885 seconds.
Native extension for WindowsStandalone target not found
Refreshing native plugins compatible for Editor in 51.73 ms, found 0 plugins.
Preloading 0 native plugins for Editor in 0.00 ms.
Invoked RoslynAnalysisRunner static constructor.
RoslynAnalysisRunner will not be running.
RoslynAnalysisRunner has terminated.
Mono: successfully reloaded assembly
- Completed reload, in  0.724 seconds
Platform modules already initialized, skipping
Registering precompiled user dll's ...
Registered in 0.000795 seconds.
Begin MonoManager ReloadAssembly
Native extension for WindowsStandalone target not found
Refreshing native plugins compatible for Editor in 0.52 ms, found 0 plugins.
Preloading 0 native plugins for Editor in 0.00 ms.
Invoked RoslynAnalysisRunner static constructor.
RoslynAnalysisRunner will not be running.
RoslynAnalysisRunner has terminated.
Mono: successfully reloaded assembly
- Completed reload, in  0.773 seconds
Platform modules already initialized, skipping
========================================================================
Worker process is ready to serve import requests
Launched and connected shader compiler UnityShaderCompiler.exe after 0.18 seconds
Refreshing native plugins compatible for Editor in 0.55 ms, found 0 plugins.
Preloading 0 native plugins for Editor in 0.00 ms.
Unloading 1576 Unused Serialized files (Serialized files now loaded: 0)
System memory in use before: 200.8 MB.
System memory in use after: 200.2 MB.

Unloading 14 unused Assets to reduce memory usage. Loaded Objects now: 2065.
Total: 2.134800 ms (FindLiveObjects: 0.201300 ms CreateObjectMapping: 0.033100 ms MarkObjects: 1.417900 ms  DeleteObjects: 0.481700 ms)

========================================================================
Received Import Request.
  path: Assets/ImportedAssets/RPG_FPS_game_assets_industrial/Particles/Smoke/Smoke_v1/Source/Smoke_v1.png
  artifactKey: Guid(a43b53426964237428777fa785440d6e) Importer(815301076,1909f56bfc062723c751e8b465ee728b)
Start importing Assets/ImportedAssets/RPG_FPS_game_assets_industrial/Particles/Smoke/Smoke_v1/Source/Smoke_v1.png using Guid(a43b53426964237428777fa785440d6e) Importer(815301076,1909f56bfc062723c751e8b465ee728b)  -> (artifact id: 'd74330fcf8f27b4c2e1158ec30599641') in 0.139367 seconds
  Import took 0.168693 seconds .

========================================================================
Received Import Request.
  Time since last request: 0.000188 seconds.
  path: Assets/ImportedAssets/EffectExamples/Smoke & Steam Effects/Textures/wispySmoke.tif
  artifactKey: Guid(b96c69e599825d84e985962673d1679c) Importer(815301076,1909f56bfc062723c751e8b465ee728b)
Start importing Assets/ImportedAssets/EffectExamples/Smoke & Steam Effects/Textures/wispySmoke.tif using Guid(b96c69e599825d84e985962673d1679c) Importer(815301076,1909f56bfc062723c751e8b465ee728b)  -> (artifact id: '7e96cb3dca389ab5afaf2146adea85fe') in 0.107201 seconds
  Import took 0.109593 seconds .

========================================================================
Received Import Request.
  Time since last request: 0.000164 seconds.
  path: Assets/ImportedAssets/EffectExamples/Magic Effects/Textures/SmokePuff02.png
  artifactKey: Guid(577c1423813e21143b40ba6f80bbde2a) Importer(815301076,1909f56bfc062723c751e8b465ee728b)
Start importing Assets/ImportedAssets/EffectExamples/Magic Effects/Textures/SmokePuff02.png using Guid(577c1423813e21143b40ba6f80bbde2a) Importer(815301076,1909f56bfc062723c751e8b465ee728b)  -> (artifact id: '8fdbd5e20727f2829c20965ba644c586') in 0.050835 seconds
  Import took 0.078691 seconds .

========================================================================
Received Import Request.
  Time since last request: 0.000204 seconds.
  path: Assets/ImportedAssets/EffectExamples/Fire & Explosion Effects/Textures/SmokePuffNormal.tif
  artifactKey: Guid(3bc01580ce4f1834eb3562397607f51d) Importer(815301076,1909f56bfc062723c751e8b465ee728b)
Start importing Assets/ImportedAssets/EffectExamples/Fire & Explosion Effects/Textures/SmokePuffNormal.tif using Guid(3bc01580ce4f1834eb3562397607f51d) Importer(815301076,1909f56bfc062723c751e8b465ee728b)  -> (artifact id: '8f759129e95d7e7a5134eb4cccb0349c') in 0.115317 seconds
  Import took 0.135946 seconds .

========================================================================
Received Import Request.
  Time since last request: 0.000177 seconds.
  path: Assets/ImportedAssets/Modern Weapons Pack/M18 Smoke Grenade/OBJ (Extra)/Smoke Grenade.obj
  artifactKey: Guid(ecfb6127c152e4c47971eb3468c22e52) Importer(815301076,1909f56bfc062723c751e8b465ee728b)
Start importing Assets/ImportedAssets/Modern Weapons Pack/M18 Smoke Grenade/OBJ (Extra)/Smoke Grenade.obj using Guid(ecfb6127c152e4c47971eb3468c22e52) Importer(815301076,1909f56bfc062723c751e8b465ee728b)  -> (artifact id: 'a60f6eb1d1a9d734009c0c051a2aeea2') in 0.138984 seconds
  Import took 0.249121 seconds .

========================================================================
Received Import Request.
  Time since last request: 0.000199 seconds.
  path: Assets/ImportedAssets/EffectExamples/Smoke & Steam Effects/Textures/smokeysteam.tif
  artifactKey: Guid(76e25da1cefc7f446bcc43a70fb13a0f) Importer(815301076,1909f56bfc062723c751e8b465ee728b)
Start importing Assets/ImportedAssets/EffectExamples/Smoke & Steam Effects/Textures/smokeysteam.tif using Guid(76e25da1cefc7f446bcc43a70fb13a0f) Importer(815301076,1909f56bfc062723c751e8b465ee728b)  -> (artifact id: '2a544eb9300a3521efc670e243ee8da6') in 0.072746 seconds
  Import took 0.098546 seconds .

========================================================================
Received Import Request.
  Time since last request: 0.000200 seconds.
  path: Assets/ImportedAssets/EffectExamples/Smoke & Steam Effects/Textures/WispySmokeNormal.tif
  artifactKey: Guid(b7e9b138ba248a44f957941f56c3b0d4) Importer(815301076,1909f56bfc062723c751e8b465ee728b)
Start importing Assets/ImportedAssets/EffectExamples/Smoke & Steam Effects/Textures/WispySmokeNormal.tif using Guid(b7e9b138ba248a44f957941f56c3b0d4) Importer(815301076,1909f56bfc062723c751e8b465ee728b)  -> (artifact id: 'f34a6e237d552f0c4374a1fc0aa12312') in 0.059449 seconds
  Import took 0.086834 seconds .

========================================================================
Received Import Request.
  Time since last request: 0.000186 seconds.
  path: Assets/ImportedAssets/EffectExamples/Misc Effects/Textures/SmokePuff.png
  artifactKey: Guid(c3d99af7c1318074daeb72b174531db1) Importer(815301076,1909f56bfc062723c751e8b465ee728b)
Start importing Assets/ImportedAssets/EffectExamples/Misc Effects/Textures/SmokePuff.png using Guid(c3d99af7c1318074daeb72b174531db1) Importer(815301076,1909f56bfc062723c751e8b465ee728b)  -> (artifact id: 'a2002e9288de490c3ed12e3627bb322b') in 0.063115 seconds
  Import took 0.103945 seconds .

========================================================================
Received Import Request.
  Time since last request: 0.000199 seconds.
  path: Assets/ImportedAssets/Modern Weapons Pack/M18 Smoke Grenade/Texture/Smoke Grenade.tga
  artifactKey: Guid(a5ba6f3d7ce803e479553cabbafd94c5) Importer(815301076,1909f56bfc062723c751e8b465ee728b)
Start importing Assets/ImportedAssets/Modern Weapons Pack/M18 Smoke Grenade/Texture/Smoke Grenade.tga using Guid(a5ba6f3d7ce803e479553cabbafd94c5) Importer(815301076,1909f56bfc062723c751e8b465ee728b)  -> (artifact id: '5ee282fc54275d5da2249f02e1df512d') in 0.061425 seconds
  Import took 0.081064 seconds .

========================================================================
Received Import Request.
  Time since last request: 0.000143 seconds.
  path: Assets/ImportedAssets/EffectExamples/Misc Effects/Textures/SmokeySteam.tif
  artifactKey: Guid(e983aba8ca13b244893617f34e99d00b) Importer(815301076,1909f56bfc062723c751e8b465ee728b)
Start importing Assets/ImportedAssets/EffectExamples/Misc Effects/Textures/SmokeySteam.tif using Guid(e983aba8ca13b244893617f34e99d00b) Importer(815301076,1909f56bfc062723c751e8b465ee728b)  -> (artifact id: '5a69705c2633c0d118d8d5386381a226') in 0.073886 seconds
  Import took 0.227165 seconds .

========================================================================
Received Import Request.
  Time since last request: 0.000210 seconds.
  path: Assets/ImportedAssets/Shared/Environment/Textures/MetalTrim_MetallicSmooth.tif
  artifactKey: Guid(d580c3c76245fea46b16f5adc019967a) Importer(815301076,1909f56bfc062723c751e8b465ee728b)
Start importing Assets/ImportedAssets/Shared/Environment/Textures/MetalTrim_MetallicSmooth.tif using Guid(d580c3c76245fea46b16f5adc019967a) Importer(815301076,1909f56bfc062723c751e8b465ee728b)  -> (artifact id: '6c2f94bd5314ac4b514abb7c009a7fce') in 0.050319 seconds
  Import took 0.075855 seconds .

========================================================================
Received Import Request.
  Time since last request: 0.000170 seconds.
  path: Assets/ImportedAssets/EffectExamples/Smoke & Steam Effects/Textures/SmokeLoop.tif
  artifactKey: Guid(d1b932090277f37428c753cf27824d4a) Importer(815301076,1909f56bfc062723c751e8b465ee728b)
Start importing Assets/ImportedAssets/EffectExamples/Smoke & Steam Effects/Textures/SmokeLoop.tif using Guid(d1b932090277f37428c753cf27824d4a) Importer(815301076,1909f56bfc062723c751e8b465ee728b)  -> (artifact id: 'd34fe3e155bc269289609d94aaff877b') in 0.067474 seconds
  Import took 0.087222 seconds .

========================================================================
Received Import Request.
  Time since last request: 0.000167 seconds.
  path: Assets/ImportedAssets/EffectExamples/Fire & Explosion Effects/Textures/SmokePuff02.png
  artifactKey: Guid(d3c9883e2f0eef44f9241b6f8428f9fc) Importer(815301076,1909f56bfc062723c751e8b465ee728b)
Start importing Assets/ImportedAssets/EffectExamples/Fire & Explosion Effects/Textures/SmokePuff02.png using Guid(d3c9883e2f0eef44f9241b6f8428f9fc) Importer(815301076,1909f56bfc062723c751e8b465ee728b)  -> (artifact id: '22592bdff01583f4721eae8e22282917') in 0.008983 seconds
  Import took 0.057024 seconds .

========================================================================
Received Import Request.
  Time since last request: 0.000195 seconds.
  path: Assets/ImportedAssets/EffectExamples/Smoke & Steam Effects/Textures/SmokeLoop02.tif
  artifactKey: Guid(b5116609fbb1572419c0bb5259f645a6) Importer(815301076,1909f56bfc062723c751e8b465ee728b)
Start importing Assets/ImportedAssets/EffectExamples/Smoke & Steam Effects/Textures/SmokeLoop02.tif using Guid(b5116609fbb1572419c0bb5259f645a6) Importer(815301076,1909f56bfc062723c751e8b465ee728b)  -> (artifact id: '7a394c674f9f2f41f6ca4f531d3dc00d') in 0.012014 seconds
  Import took 0.026805 seconds .

========================================================================
Received Import Request.
  Time since last request: 0.000168 seconds.
  path: Assets/ImportedAssets/EffectExamples/Fire & Explosion Effects/Textures/SmokePuff01.tif
  artifactKey: Guid(26e206bd730800f4f82b828eb9f1c067) Importer(815301076,1909f56bfc062723c751e8b465ee728b)
Start importing Assets/ImportedAssets/EffectExamples/Fire & Explosion Effects/Textures/SmokePuff01.tif using Guid(26e206bd730800f4f82b828eb9f1c067) Importer(815301076,1909f56bfc062723c751e8b465ee728b)  -> (artifact id: 'f38f51efe06e953212f1dbe019df652e') in 0.082443 seconds
  Import took 0.085417 seconds .

========================================================================
Received Import Request.
  Time since last request: 0.000150 seconds.
  path: Assets/ImportedAssets/EffectExamples/Smoke & Steam Effects/Textures/SmokePuff04.png
  artifactKey: Guid(c904f5c1f19e8fc42865cf6d70b4fcb6) Importer(815301076,1909f56bfc062723c751e8b465ee728b)
Start importing Assets/ImportedAssets/EffectExamples/Smoke & Steam Effects/Textures/SmokePuff04.png using Guid(c904f5c1f19e8fc42865cf6d70b4fcb6) Importer(815301076,1909f56bfc062723c751e8b465ee728b)  -> (artifact id: '5c7dfd575c76cd47fc35c069112b1b24') in 0.059848 seconds
  Import took 0.084039 seconds .

========================================================================
Received Import Request.
  Time since last request: 0.000207 seconds.
  path: Assets/ImportedAssets/EffectExamples/Smoke & Steam Effects/Textures/SmokePuff04Normal.tif
  artifactKey: Guid(ec0fffbfc1b9f9f4d82b1328a0fa87ab) Importer(815301076,1909f56bfc062723c751e8b465ee728b)
Start importing Assets/ImportedAssets/EffectExamples/Smoke & Steam Effects/Textures/SmokePuff04Normal.tif using Guid(ec0fffbfc1b9f9f4d82b1328a0fa87ab) Importer(815301076,1909f56bfc062723c751e8b465ee728b)  -> (artifact id: 'b8253242ff9b902879d44b29b444311d') in 0.070398 seconds
  Import took 0.103522 seconds .

========================================================================
Received Prepare
Refreshing native plugins compatible for Editor in 0.86 ms, found 0 plugins.
Preloading 0 native plugins for Editor in 0.00 ms.
Unloading 6 Unused Serialized files (Serialized files now loaded: 0)
System memory in use before: 166.1 MB.
System memory in use after: 165.6 MB.

Unloading 7 unused Assets to reduce memory usage. Loaded Objects now: 2080.
Total: 2.672900 ms (FindLiveObjects: 0.257900 ms CreateObjectMapping: 0.040000 ms MarkObjects: 1.898100 ms  DeleteObjects: 0.475600 ms)

========================================================================
Received Prepare
Registering precompiled user dll's ...
Registered in 0.000882 seconds.
Begin MonoManager ReloadAssembly
Native extension for WindowsStandalone target not found
Refreshing native plugins compatible for Editor in 0.55 ms, found 0 plugins.
Preloading 0 native plugins for Editor in 0.00 ms.
Invoked RoslynAnalysisRunner static constructor.
RoslynAnalysisRunner will not be running.
RoslynAnalysisRunner has terminated.
Mono: successfully reloaded assembly
- Completed reload, in  0.797 seconds
Platform modules already initialized, skipping
Refreshing native plugins compatible for Editor in 0.49 ms, found 0 plugins.
Preloading 0 native plugins for Editor in 0.00 ms.
Unloading 1463 Unused Serialized files (Serialized files now loaded: 0)
System memory in use before: 195.7 MB.
System memory in use after: 195.2 MB.

Unloading 9 unused Assets to reduce memory usage. Loaded Objects now: 2083.
Total: 2.066200 ms (FindLiveObjects: 0.186100 ms CreateObjectMapping: 0.035800 ms MarkObjects: 1.339100 ms  DeleteObjects: 0.504200 ms)

========================================================================
Received Prepare
Registering precompiled user dll's ...
Registered in 0.000714 seconds.
Begin MonoManager ReloadAssembly
Native extension for WindowsStandalone target not found
Refreshing native plugins compatible for Editor in 0.50 ms, found 0 plugins.
Preloading 0 native plugins for Editor in 0.00 ms.
Invoked RoslynAnalysisRunner static constructor.
RoslynAnalysisRunner will not be running.
RoslynAnalysisRunner has terminated.
Mono: successfully reloaded assembly
- Completed reload, in  0.618 seconds
Platform modules already initialized, skipping
Refreshing native plugins compatible for Editor in 0.53 ms, found 0 plugins.
Preloading 0 native plugins for Editor in 0.00 ms.
Unloading 1462 Unused Serialized files (Serialized files now loaded: 0)
System memory in use before: 195.8 MB.
System memory in use after: 195.2 MB.

Unloading 9 unused Assets to reduce memory usage. Loaded Objects now: 2085.
Total: 2.325600 ms (FindLiveObjects: 0.254800 ms CreateObjectMapping: 0.042500 ms MarkObjects: 1.450900 ms  DeleteObjects: 0.576500 ms)

========================================================================
Received Prepare
Registering precompiled user dll's ...
Registered in 0.000727 seconds.
Begin MonoManager ReloadAssembly
Native extension for WindowsStandalone target not found
Refreshing native plugins compatible for Editor in 0.50 ms, found 0 plugins.
Preloading 0 native plugins for Editor in 0.00 ms.
Invoked RoslynAnalysisRunner static constructor.
RoslynAnalysisRunner will not be running.
RoslynAnalysisRunner has terminated.
Mono: successfully reloaded assembly
- Completed reload, in  0.596 seconds
Platform modules already initialized, skipping
Refreshing native plugins compatible for Editor in 0.49 ms, found 0 plugins.
Preloading 0 native plugins for Editor in 0.00 ms.
Unloading 1462 Unused Serialized files (Serialized files now loaded: 0)
System memory in use before: 195.8 MB.
System memory in use after: 195.2 MB.

Unloading 9 unused Assets to reduce memory usage. Loaded Objects now: 2087.
Total: 2.407700 ms (FindLiveObjects: 0.248000 ms CreateObjectMapping: 0.040300 ms MarkObjects: 1.537900 ms  DeleteObjects: 0.580000 ms)

