Using pre-set license
Built from '2020.2/staging' branch; Version is '2020.2.6f1 (8a2143876886) revision 9052483'; Using compiler version '192528614'; Build Type 'Release'
OS: 'Windows 10 Education; OS build 19043.1706; Version 2009; 64bit' Language: 'en' Physical Memory: 16332 MB
BatchMode: 1, IsHumanControllingUs: 0, StartBugReporterOnCrash: 0, Is64bit: 1, IsPro: 0

 COMMAND LINE ARGUMENTS:
E:\Unity\2020.2.6f1\Editor\Unity.exe
-adb2
-batchMode
-noUpm
-name
AssetImportWorker1
-projectPath
E:/Game Dev/Github/Olivia_ZombieSurvival/Olivia_ZombieSurvival/Olivia_ZombieSurvival
-logFile
Logs/AssetImportWorker1.log
-srvPort
56941
Successfully changed project path to: E:/Game Dev/Github/Olivia_ZombieSurvival/Olivia_ZombieSurvival/Olivia_ZombieSurvival
E:/Game Dev/Github/Olivia_ZombieSurvival/Olivia_ZombieSurvival/Olivia_ZombieSurvival
Using Asset Import Pipeline V2.
Refreshing native plugins compatible for Editor in 54.25 ms, found 0 plugins.
Preloading 0 native plugins for Editor in 0.00 ms.
Initialize engine version: 2020.2.6f1 (8a2143876886)
[Subsystems] Discovering subsystems at path E:/Unity/2020.2.6f1/Editor/Data/Resources/UnitySubsystems
[Subsystems] Discovering subsystems at path E:/Game Dev/Github/Olivia_ZombieSurvival/Olivia_ZombieSurvival/Olivia_ZombieSurvival/Assets
GfxDevice: creating device client; threaded=0
Direct3D:
    Version:  Direct3D 11.0 [level 11.1]
    Renderer: NVIDIA GeForce GTX 1660 (ID=0x2184)
    Vendor:   
    VRAM:     5991 MB
    Driver:   27.21.14.5671
Initialize mono
Mono path[0] = 'E:/Unity/2020.2.6f1/Editor/Data/Managed'
Mono path[1] = 'E:/Unity/2020.2.6f1/Editor/Data/MonoBleedingEdge/lib/mono/unityjit'
Mono config path = 'E:/Unity/2020.2.6f1/Editor/Data/MonoBleedingEdge/etc'
Using monoOptions --debugger-agent=transport=dt_socket,embedding=1,server=y,suspend=n,address=127.0.0.1:56088
Begin MonoManager ReloadAssembly
Registering precompiled unity dll's ...
Register platform support module: E:/Unity/2020.2.6f1/Editor/Data/PlaybackEngines/WindowsStandaloneSupport/UnityEditor.WindowsStandalone.Extensions.dll
Registered in 0.000883 seconds.
Native extension for WindowsStandalone target not found
Refreshing native plugins compatible for Editor in 50.85 ms, found 0 plugins.
Preloading 0 native plugins for Editor in 0.00 ms.
Invoked RoslynAnalysisRunner static constructor.
RoslynAnalysisRunner will not be running.
RoslynAnalysisRunner has terminated.
Mono: successfully reloaded assembly
- Completed reload, in  6.151 seconds
Platform modules already initialized, skipping
Registering precompiled user dll's ...
Registered in 0.000889 seconds.
Begin MonoManager ReloadAssembly
Native extension for WindowsStandalone target not found
Refreshing native plugins compatible for Editor in 0.57 ms, found 0 plugins.
Preloading 0 native plugins for Editor in 0.00 ms.
Invoked RoslynAnalysisRunner static constructor.
RoslynAnalysisRunner will not be running.
RoslynAnalysisRunner has terminated.
Mono: successfully reloaded assembly
- Completed reload, in  0.654 seconds
Platform modules already initialized, skipping
========================================================================
Worker process is ready to serve import requests
Launched and connected shader compiler UnityShaderCompiler.exe after 0.72 seconds
Refreshing native plugins compatible for Editor in 0.56 ms, found 0 plugins.
Preloading 0 native plugins for Editor in 0.00 ms.
Unloading 1718 Unused Serialized files (Serialized files now loaded: 0)
System memory in use before: 183.9 MB.
System memory in use after: 183.3 MB.

Unloading 14 unused Assets to reduce memory usage. Loaded Objects now: 2184.
Total: 2.243700 ms (FindLiveObjects: 0.206700 ms CreateObjectMapping: 0.042300 ms MarkObjects: 1.641700 ms  DeleteObjects: 0.351900 ms)

========================================================================
Received Import Request.
  path: Assets/00_MyAssets/Prefabs/apples.prefab
  artifactKey: Guid(8ee00775d9161f848908a07f7548cd95) Importer(815301076,1909f56bfc062723c751e8b465ee728b)
Start importing Assets/00_MyAssets/Prefabs/apples.prefab using Guid(8ee00775d9161f848908a07f7548cd95) Importer(815301076,1909f56bfc062723c751e8b465ee728b)  -> (artifact id: '7c665a18d35d1bee3b6c9b4d9857369f') in 0.480548 seconds
  Import took 0.589329 seconds .

========================================================================
Received Import Request.
  Time since last request: 1.570978 seconds.
  path: Assets/00_MyAssets/Prefabs/apples.prefab
  artifactKey: Guid(8ee00775d9161f848908a07f7548cd95) Importer(815301076,1909f56bfc062723c751e8b465ee728b)
Start importing Assets/00_MyAssets/Prefabs/apples.prefab using Guid(8ee00775d9161f848908a07f7548cd95) Importer(815301076,1909f56bfc062723c751e8b465ee728b)  -> (artifact id: '9b28f21a584f97c9f1fba30e0d49ee7f') in 0.027862 seconds
  Import took 0.030602 seconds .

========================================================================
Received Import Request.
  Time since last request: 2.668063 seconds.
  path: Assets/00_MyAssets/Prefabs/apples.prefab
  artifactKey: Guid(8ee00775d9161f848908a07f7548cd95) Importer(815301076,1909f56bfc062723c751e8b465ee728b)
Start importing Assets/00_MyAssets/Prefabs/apples.prefab using Guid(8ee00775d9161f848908a07f7548cd95) Importer(815301076,1909f56bfc062723c751e8b465ee728b)  -> (artifact id: '4442cb48ce27cb52261cf7bd56187c76') in 0.010220 seconds
  Import took 0.020389 seconds .

========================================================================
Received Import Request.
  Time since last request: 1.802841 seconds.
  path: Assets/00_MyAssets/Prefabs/apples.prefab
  artifactKey: Guid(8ee00775d9161f848908a07f7548cd95) Importer(815301076,1909f56bfc062723c751e8b465ee728b)
Start importing Assets/00_MyAssets/Prefabs/apples.prefab using Guid(8ee00775d9161f848908a07f7548cd95) Importer(815301076,1909f56bfc062723c751e8b465ee728b)  -> (artifact id: 'dc83c54544026347d6e127210c2648ca') in 0.010792 seconds
  Import took 0.022749 seconds .

========================================================================
Received Import Request.
  Time since last request: 13.857443 seconds.
  path: Assets/00_MyAssets/Prefabs/apples.prefab
  artifactKey: Guid(8ee00775d9161f848908a07f7548cd95) Importer(815301076,1909f56bfc062723c751e8b465ee728b)
Start importing Assets/00_MyAssets/Prefabs/apples.prefab using Guid(8ee00775d9161f848908a07f7548cd95) Importer(815301076,1909f56bfc062723c751e8b465ee728b)  -> (artifact id: '163579383e18d1154292c113b108122f') in 0.007517 seconds
  Import took 0.030610 seconds .

========================================================================
Received Import Request.
  Time since last request: 9.094030 seconds.
  path: Assets/00_MyAssets/Prefabs/apples.prefab
  artifactKey: Guid(8ee00775d9161f848908a07f7548cd95) Importer(815301076,1909f56bfc062723c751e8b465ee728b)
Start importing Assets/00_MyAssets/Prefabs/apples.prefab using Guid(8ee00775d9161f848908a07f7548cd95) Importer(815301076,1909f56bfc062723c751e8b465ee728b)  -> (artifact id: '32682033767fe9826aa6b4fee19d47d6') in 0.007692 seconds
  Import took 0.029194 seconds .

========================================================================
Received Import Request.
  Time since last request: 4.222843 seconds.
  path: Assets/00_MyAssets/Prefabs/apples.prefab
  artifactKey: Guid(8ee00775d9161f848908a07f7548cd95) Importer(815301076,1909f56bfc062723c751e8b465ee728b)
Start importing Assets/00_MyAssets/Prefabs/apples.prefab using Guid(8ee00775d9161f848908a07f7548cd95) Importer(815301076,1909f56bfc062723c751e8b465ee728b)  -> (artifact id: '6fd7ab999a070e5ec7ab3b4668486bc4') in 0.024865 seconds
  Import took 0.028199 seconds .

========================================================================
Received Import Request.
  Time since last request: 12.153118 seconds.
  path: Assets/00_MyAssets/Prefabs/apples.prefab
  artifactKey: Guid(8ee00775d9161f848908a07f7548cd95) Importer(815301076,1909f56bfc062723c751e8b465ee728b)
Start importing Assets/00_MyAssets/Prefabs/apples.prefab using Guid(8ee00775d9161f848908a07f7548cd95) Importer(815301076,1909f56bfc062723c751e8b465ee728b)  -> (artifact id: '6deb4f1e33f150850467fca3f44ccbaf') in 0.027920 seconds
  Import took 0.031222 seconds .

========================================================================
Received Import Request.
  Time since last request: 247.946343 seconds.
  path: Assets/00_MyAssets/Prefabs/Apple.prefab
  artifactKey: Guid(d618c6f9976d5544c8188adbd806b4c7) Importer(815301076,1909f56bfc062723c751e8b465ee728b)
Start importing Assets/00_MyAssets/Prefabs/Apple.prefab using Guid(d618c6f9976d5544c8188adbd806b4c7) Importer(815301076,1909f56bfc062723c751e8b465ee728b)  -> (artifact id: 'a806c14122ad54cff1453b1091f42bb6') in 0.010994 seconds
  Import took 0.031518 seconds .

========================================================================
Received Import Request.
  Time since last request: 647.316661 seconds.
  path: Assets/ImportedAssets/Flooded_Grounds/Prefabs/Buildings/BrickHouse/BrickHouse_End_A.prefab
  artifactKey: Guid(fa3b1e3b9faf39b4cbc9301d3dd1c175) Importer(815301076,1909f56bfc062723c751e8b465ee728b)
Start importing Assets/ImportedAssets/Flooded_Grounds/Prefabs/Buildings/BrickHouse/BrickHouse_End_A.prefab using Guid(fa3b1e3b9faf39b4cbc9301d3dd1c175) Importer(815301076,1909f56bfc062723c751e8b465ee728b)  -> (artifact id: '9a3411831f73e820eb7059db47683e07') in 0.704044 seconds
  Import took 0.709903 seconds .

========================================================================
Received Import Request.
  Time since last request: 0.000146 seconds.
  path: Assets/ImportedAssets/Flooded_Grounds/Prefabs/Buildings/Cabins/Cabin2_Door_A.prefab
  artifactKey: Guid(ea087b00cc97e5e44bdedeeccb899e05) Importer(815301076,1909f56bfc062723c751e8b465ee728b)
Start importing Assets/ImportedAssets/Flooded_Grounds/Prefabs/Buildings/Cabins/Cabin2_Door_A.prefab using Guid(ea087b00cc97e5e44bdedeeccb899e05) Importer(815301076,1909f56bfc062723c751e8b465ee728b)  -> (artifact id: '23c6feff8b305170e97ad932b25b68e8') in 0.568948 seconds
  Import took 0.573221 seconds .

========================================================================
Received Import Request.
  Time since last request: 0.000182 seconds.
  path: Assets/ImportedAssets/Flooded_Grounds/Prefabs/Buildings/BrickHouse/BrickHouse_Mid_B.prefab
  artifactKey: Guid(f4d2356b6ba44cd408e5e133a4a1f2cd) Importer(815301076,1909f56bfc062723c751e8b465ee728b)
Start importing Assets/ImportedAssets/Flooded_Grounds/Prefabs/Buildings/BrickHouse/BrickHouse_Mid_B.prefab using Guid(f4d2356b6ba44cd408e5e133a4a1f2cd) Importer(815301076,1909f56bfc062723c751e8b465ee728b)  -> (artifact id: 'e276ad6c7cd057666844651b35038f98') in 0.056600 seconds
  Import took 0.071482 seconds .

========================================================================
Received Import Request.
  Time since last request: 0.000166 seconds.
  path: Assets/ImportedAssets/Flooded_Grounds/Prefabs/Buildings/Cabins/Cabin2_End1.prefab
  artifactKey: Guid(3fd2fe4dce6b88f4e9f2fc1dcd085960) Importer(815301076,1909f56bfc062723c751e8b465ee728b)
Start importing Assets/ImportedAssets/Flooded_Grounds/Prefabs/Buildings/Cabins/Cabin2_End1.prefab using Guid(3fd2fe4dce6b88f4e9f2fc1dcd085960) Importer(815301076,1909f56bfc062723c751e8b465ee728b)  -> (artifact id: 'ace85040659915a4b35e831782f75767') in 0.521048 seconds
  Import took 0.537936 seconds .

========================================================================
Received Import Request.
  Time since last request: 0.000183 seconds.
  path: Assets/ImportedAssets/Flooded_Grounds/Prefabs/Buildings/Cabins/Cabin1_Door_A.prefab
  artifactKey: Guid(bbe3e65d308bf7b4bba358ca68dac3f9) Importer(815301076,1909f56bfc062723c751e8b465ee728b)
Start importing Assets/ImportedAssets/Flooded_Grounds/Prefabs/Buildings/Cabins/Cabin1_Door_A.prefab using Guid(bbe3e65d308bf7b4bba358ca68dac3f9) Importer(815301076,1909f56bfc062723c751e8b465ee728b)  -> (artifact id: '0bc83d8297a1c37f3215267a134e6787') in 0.048757 seconds
  Import took 0.053371 seconds .

========================================================================
Received Import Request.
  Time since last request: 0.000164 seconds.
  path: Assets/ImportedAssets/Flooded_Grounds/Prefabs/Buildings/BrickHouse/BrickHouse_Mid_C.prefab
  artifactKey: Guid(3a7314dcf081b7f40a4bf8fc185bc9ad) Importer(815301076,1909f56bfc062723c751e8b465ee728b)
Start importing Assets/ImportedAssets/Flooded_Grounds/Prefabs/Buildings/BrickHouse/BrickHouse_Mid_C.prefab using Guid(3a7314dcf081b7f40a4bf8fc185bc9ad) Importer(815301076,1909f56bfc062723c751e8b465ee728b)  -> (artifact id: 'ed8fc2c9d2e4caf34644ef51913c5926') in 0.047679 seconds
  Import took 0.066912 seconds .

========================================================================
Received Import Request.
  Time since last request: 0.000173 seconds.
  path: Assets/ImportedAssets/Flooded_Grounds/Prefabs/Buildings/Cabins/Cabin2_End2.prefab
  artifactKey: Guid(964f82ef1f120264f91e97059c36cc64) Importer(815301076,1909f56bfc062723c751e8b465ee728b)
Start importing Assets/ImportedAssets/Flooded_Grounds/Prefabs/Buildings/Cabins/Cabin2_End2.prefab using Guid(964f82ef1f120264f91e97059c36cc64) Importer(815301076,1909f56bfc062723c751e8b465ee728b)  -> (artifact id: 'bb348019afbc0286dca43bf254f5cbc1') in 0.104503 seconds
  Import took 0.108959 seconds .

========================================================================
Received Import Request.
  Time since last request: 0.000168 seconds.
  path: Assets/ImportedAssets/Flooded_Grounds/Prefabs/Buildings/BrickHouse/BrickHouse_Mid_A.prefab
  artifactKey: Guid(a169505b1ca79d04e97789db788de88c) Importer(815301076,1909f56bfc062723c751e8b465ee728b)
Start importing Assets/ImportedAssets/Flooded_Grounds/Prefabs/Buildings/BrickHouse/BrickHouse_Mid_A.prefab using Guid(a169505b1ca79d04e97789db788de88c) Importer(815301076,1909f56bfc062723c751e8b465ee728b)  -> (artifact id: '18fc86b3602140e6c9df13f63a831152') in 0.112820 seconds
  Import took 0.117009 seconds .

========================================================================
Received Import Request.
  Time since last request: 0.000173 seconds.
  path: Assets/ImportedAssets/Flooded_Grounds/Prefabs/Buildings/Cabins/Cabin1_DM.prefab
  artifactKey: Guid(89f79f1bf5f167d4298cf43d900f56c1) Importer(815301076,1909f56bfc062723c751e8b465ee728b)
Start importing Assets/ImportedAssets/Flooded_Grounds/Prefabs/Buildings/Cabins/Cabin1_DM.prefab using Guid(89f79f1bf5f167d4298cf43d900f56c1) Importer(815301076,1909f56bfc062723c751e8b465ee728b)  -> (artifact id: '46c260151aa6093636c3ce39e88deac7') in 0.072977 seconds
  Import took 0.140027 seconds .

========================================================================
Received Import Request.
  Time since last request: 0.000198 seconds.
  path: Assets/ImportedAssets/Flooded_Grounds/Prefabs/Buildings/Cabins/Cabin2_Mid1.prefab
  artifactKey: Guid(72d5913900bb94349b98a1b5a5340e17) Importer(815301076,1909f56bfc062723c751e8b465ee728b)
Start importing Assets/ImportedAssets/Flooded_Grounds/Prefabs/Buildings/Cabins/Cabin2_Mid1.prefab using Guid(72d5913900bb94349b98a1b5a5340e17) Importer(815301076,1909f56bfc062723c751e8b465ee728b)  -> (artifact id: '7e7b2d61615a00ccc0aba91e3c5bcf53') in 0.049112 seconds
  Import took 0.054172 seconds .

========================================================================
Received Import Request.
  Time since last request: 0.000174 seconds.
  path: Assets/ImportedAssets/Flooded_Grounds/Prefabs/Buildings/Cabins/Cabin2_Mid2.prefab
  artifactKey: Guid(1df136745ae1d834d9df67fa39473042) Importer(815301076,1909f56bfc062723c751e8b465ee728b)
Start importing Assets/ImportedAssets/Flooded_Grounds/Prefabs/Buildings/Cabins/Cabin2_Mid2.prefab using Guid(1df136745ae1d834d9df67fa39473042) Importer(815301076,1909f56bfc062723c751e8b465ee728b)  -> (artifact id: '10b400c5f4ffd4c127c283cd7320209d') in 0.078689 seconds
  Import took 0.127087 seconds .

========================================================================
Received Import Request.
  Time since last request: 0.000182 seconds.
  path: Assets/ImportedAssets/Flooded_Grounds/Prefabs/Buildings/BrickHouse/BrickHouse_End_B.prefab
  artifactKey: Guid(60a191e2da86e1544948ebd2bc4c7a69) Importer(815301076,1909f56bfc062723c751e8b465ee728b)
Start importing Assets/ImportedAssets/Flooded_Grounds/Prefabs/Buildings/BrickHouse/BrickHouse_End_B.prefab using Guid(60a191e2da86e1544948ebd2bc4c7a69) Importer(815301076,1909f56bfc062723c751e8b465ee728b)  -> (artifact id: 'b821911cc4b3bc9d44093c1e780bb305') in 0.049087 seconds
  Import took 0.053964 seconds .

========================================================================
Received Import Request.
  Time since last request: 0.000162 seconds.
  path: Assets/ImportedAssets/RPG_FPS_game_assets_industrial/Particles/Dust/Dust_v1/Dust_v1.prefab
  artifactKey: Guid(31fee1c2b8079524babddad687e95210) Importer(815301076,1909f56bfc062723c751e8b465ee728b)
Start importing Assets/ImportedAssets/RPG_FPS_game_assets_industrial/Particles/Dust/Dust_v1/Dust_v1.prefab using Guid(31fee1c2b8079524babddad687e95210) Importer(815301076,1909f56bfc062723c751e8b465ee728b)  -> (artifact id: 'ea42bdde6c771dec9f7fd72d1ffe4e88') in 0.009179 seconds
  Import took 0.012185 seconds .

========================================================================
Received Prepare
Registering precompiled user dll's ...
Registered in 0.000755 seconds.
Begin MonoManager ReloadAssembly
Native extension for WindowsStandalone target not found
Refreshing native plugins compatible for Editor in 0.78 ms, found 0 plugins.
Preloading 0 native plugins for Editor in 0.00 ms.
Invoked RoslynAnalysisRunner static constructor.
RoslynAnalysisRunner will not be running.
RoslynAnalysisRunner has terminated.
Mono: successfully reloaded assembly
- Completed reload, in  0.777 seconds
Platform modules already initialized, skipping
Refreshing native plugins compatible for Editor in 0.78 ms, found 0 plugins.
Preloading 0 native plugins for Editor in 0.00 ms.
Unloading 1577 Unused Serialized files (Serialized files now loaded: 0)
System memory in use before: 176.3 MB.
System memory in use after: 175.7 MB.

Unloading 9 unused Assets to reduce memory usage. Loaded Objects now: 2194.
Total: 2.238600 ms (FindLiveObjects: 0.297700 ms CreateObjectMapping: 0.116900 ms MarkObjects: 1.453000 ms  DeleteObjects: 0.369800 ms)

========================================================================
Received Prepare
Registering precompiled user dll's ...
Registered in 0.000784 seconds.
Begin MonoManager ReloadAssembly
Native extension for WindowsStandalone target not found
Refreshing native plugins compatible for Editor in 0.96 ms, found 0 plugins.
Preloading 0 native plugins for Editor in 0.00 ms.
Invoked RoslynAnalysisRunner static constructor.
RoslynAnalysisRunner will not be running.
RoslynAnalysisRunner has terminated.
Mono: successfully reloaded assembly
- Completed reload, in  0.616 seconds
Platform modules already initialized, skipping
Refreshing native plugins compatible for Editor in 0.56 ms, found 0 plugins.
Preloading 0 native plugins for Editor in 0.00 ms.
Unloading 1576 Unused Serialized files (Serialized files now loaded: 0)
System memory in use before: 176.3 MB.
System memory in use after: 175.7 MB.

Unloading 9 unused Assets to reduce memory usage. Loaded Objects now: 2196.
Total: 2.132300 ms (FindLiveObjects: 0.280900 ms CreateObjectMapping: 0.039400 ms MarkObjects: 1.398100 ms  DeleteObjects: 0.412300 ms)

========================================================================
Received Import Request.
  Time since last request: 506.900408 seconds.
  path: Assets/ImportedAssets/Blood decal pack/blood/blood.tif
  artifactKey: Guid(493e3d4c4724c804f8bbebe749c9ff77) Importer(815301076,1909f56bfc062723c751e8b465ee728b)
Start importing Assets/ImportedAssets/Blood decal pack/blood/blood.tif using Guid(493e3d4c4724c804f8bbebe749c9ff77) Importer(815301076,1909f56bfc062723c751e8b465ee728b)  -> (artifact id: 'd3e60df75231aad4280cb950183e28bb') in 0.041723 seconds
  Import took 0.044855 seconds .

========================================================================
Received Import Request.
  Time since last request: 0.000150 seconds.
  path: Assets/ImportedAssets/Blood decal pack/blood/blood1.tif
  artifactKey: Guid(5e14fc2d91e94974ab4aa5c614368aa1) Importer(815301076,1909f56bfc062723c751e8b465ee728b)
Start importing Assets/ImportedAssets/Blood decal pack/blood/blood1.tif using Guid(5e14fc2d91e94974ab4aa5c614368aa1) Importer(815301076,1909f56bfc062723c751e8b465ee728b)  -> (artifact id: '24540e21bff32f075d181a0e0d106926') in 0.009214 seconds
  Import took 0.019971 seconds .

========================================================================
Received Import Request.
  Time since last request: 0.000185 seconds.
  path: Assets/ImportedAssets/Blood decal pack/blood/blood5.tif
  artifactKey: Guid(80b7da75141e8414387fd3593a172a09) Importer(815301076,1909f56bfc062723c751e8b465ee728b)
Start importing Assets/ImportedAssets/Blood decal pack/blood/blood5.tif using Guid(80b7da75141e8414387fd3593a172a09) Importer(815301076,1909f56bfc062723c751e8b465ee728b)  -> (artifact id: '32c309495dd9ba77804faa2b311e163f') in 0.008152 seconds
  Import took 0.018474 seconds .

========================================================================
Received Import Request.
  Time since last request: 0.000163 seconds.
  path: Assets/ImportedAssets/Blood decal pack/blood/blood4.tif
  artifactKey: Guid(6016dd71388801a4ca4591af47627618) Importer(815301076,1909f56bfc062723c751e8b465ee728b)
Start importing Assets/ImportedAssets/Blood decal pack/blood/blood4.tif using Guid(6016dd71388801a4ca4591af47627618) Importer(815301076,1909f56bfc062723c751e8b465ee728b)  -> (artifact id: '980fe47007c1db8ea798b919c08c0c38') in 0.009457 seconds
  Import took 0.023462 seconds .

========================================================================
Received Import Request.
  Time since last request: 0.000159 seconds.
  path: Assets/ImportedAssets/Blood decal pack/blood/blood6.tif
  artifactKey: Guid(5e7327cab4c8de24696ab0ad11955926) Importer(815301076,1909f56bfc062723c751e8b465ee728b)
Start importing Assets/ImportedAssets/Blood decal pack/blood/blood6.tif using Guid(5e7327cab4c8de24696ab0ad11955926) Importer(815301076,1909f56bfc062723c751e8b465ee728b)  -> (artifact id: 'f0c6adc1bfbe02522d88c150937ef24a') in 0.009493 seconds
  Import took 0.018338 seconds .

========================================================================
Received Import Request.
  Time since last request: 0.000166 seconds.
  path: Assets/ImportedAssets/Blood decal pack/blood/blood3.tif
  artifactKey: Guid(815ba632b4464eb4a813592a7f01fb7b) Importer(815301076,1909f56bfc062723c751e8b465ee728b)
Start importing Assets/ImportedAssets/Blood decal pack/blood/blood3.tif using Guid(815ba632b4464eb4a813592a7f01fb7b) Importer(815301076,1909f56bfc062723c751e8b465ee728b)  -> (artifact id: 'f8932f3ba90e072c1e2adf7ebdf9940f') in 0.118897 seconds
  Import took 0.121810 seconds .

========================================================================
Received Import Request.
  Time since last request: 0.000231 seconds.
  path: Assets/ImportedAssets/Blood decal pack/blood/blood2.tif
  artifactKey: Guid(57d2109c3c949be489f1be7e1606777c) Importer(815301076,1909f56bfc062723c751e8b465ee728b)
Start importing Assets/ImportedAssets/Blood decal pack/blood/blood2.tif using Guid(57d2109c3c949be489f1be7e1606777c) Importer(815301076,1909f56bfc062723c751e8b465ee728b)  -> (artifact id: 'ae75d80d67e2377093a4d627892171fe') in 0.092477 seconds
  Import took 0.095963 seconds .

========================================================================
Received Import Request.
  Time since last request: 0.000251 seconds.
  path: Assets/ImportedAssets/Blood decal pack/blood/blood7.tif
  artifactKey: Guid(eb68a545b98b039419d6a0bd6982f09d) Importer(815301076,1909f56bfc062723c751e8b465ee728b)
Start importing Assets/ImportedAssets/Blood decal pack/blood/blood7.tif using Guid(eb68a545b98b039419d6a0bd6982f09d) Importer(815301076,1909f56bfc062723c751e8b465ee728b)  -> (artifact id: '6ab462129c126326ed75b941d500cb2c') in 0.016611 seconds
  Import took 0.034142 seconds .

========================================================================
Received Import Request.
  Time since last request: 8.430431 seconds.
  path: Assets/ImportedAssets/Blood decal pack/blood/prefab
  artifactKey: Guid(e2a3838fc4e48e648a0cd22940c0542d) Importer(815301076,1909f56bfc062723c751e8b465ee728b)
Start importing Assets/ImportedAssets/Blood decal pack/blood/prefab using Guid(e2a3838fc4e48e648a0cd22940c0542d) Importer(815301076,1909f56bfc062723c751e8b465ee728b)  -> (artifact id: '6d9902a41b0aa3e755b15973ba862839') in 0.005932 seconds
  Import took 0.009075 seconds .

========================================================================
Received Import Request.
  Time since last request: 0.098735 seconds.
  path: Assets/ImportedAssets/Blood decal pack/blood/prefab/blood1.prefab
  artifactKey: Guid(358b75ea5451cf143ab19029a189097d) Importer(815301076,1909f56bfc062723c751e8b465ee728b)
Start importing Assets/ImportedAssets/Blood decal pack/blood/prefab/blood1.prefab using Guid(358b75ea5451cf143ab19029a189097d) Importer(815301076,1909f56bfc062723c751e8b465ee728b)  -> (artifact id: '392b631afdc086dce98657ac4daefe34') in 0.082346 seconds
  Import took 0.100993 seconds .

========================================================================
Received Import Request.
  Time since last request: 0.000164 seconds.
  path: Assets/ImportedAssets/Blood decal pack/blood/prefab/blood5.prefab
  artifactKey: Guid(aec54d7a991d7b644b145d550a4b7831) Importer(815301076,1909f56bfc062723c751e8b465ee728b)
Start importing Assets/ImportedAssets/Blood decal pack/blood/prefab/blood5.prefab using Guid(aec54d7a991d7b644b145d550a4b7831) Importer(815301076,1909f56bfc062723c751e8b465ee728b)  -> (artifact id: '44e46a4a246b6adbcf85a7c40852aa08') in 0.009874 seconds
  Import took 0.012156 seconds .

========================================================================
Received Import Request.
  Time since last request: 0.000160 seconds.
  path: Assets/ImportedAssets/Blood decal pack/blood/prefab/blood7.prefab
  artifactKey: Guid(43dd1ba2a5dde844eb01240da13ab96b) Importer(815301076,1909f56bfc062723c751e8b465ee728b)
Start importing Assets/ImportedAssets/Blood decal pack/blood/prefab/blood7.prefab using Guid(43dd1ba2a5dde844eb01240da13ab96b) Importer(815301076,1909f56bfc062723c751e8b465ee728b)  -> (artifact id: 'c4f541146ac42cd6ae9c584386f0c727') in 0.007811 seconds
  Import took 0.010366 seconds .

========================================================================
Received Import Request.
  Time since last request: 0.000156 seconds.
  path: Assets/ImportedAssets/Blood decal pack/blood/prefab/blood4.prefab
  artifactKey: Guid(6fe4d785744af2c40a2157f5b209d97f) Importer(815301076,1909f56bfc062723c751e8b465ee728b)
Start importing Assets/ImportedAssets/Blood decal pack/blood/prefab/blood4.prefab using Guid(6fe4d785744af2c40a2157f5b209d97f) Importer(815301076,1909f56bfc062723c751e8b465ee728b)  -> (artifact id: 'e5fc137506c3be4b25b10ca5188fd98b') in 0.008639 seconds
  Import took 0.027789 seconds .

========================================================================
Received Import Request.
  Time since last request: 0.000182 seconds.
  path: Assets/ImportedAssets/Blood decal pack/blood/prefab/blood2.prefab
  artifactKey: Guid(cfc7596704bbd7f489156fcd4c05c7e9) Importer(815301076,1909f56bfc062723c751e8b465ee728b)
Start importing Assets/ImportedAssets/Blood decal pack/blood/prefab/blood2.prefab using Guid(cfc7596704bbd7f489156fcd4c05c7e9) Importer(815301076,1909f56bfc062723c751e8b465ee728b)  -> (artifact id: '98ade07cbcb78becf840da57e64ff454') in 0.008815 seconds
  Import took 0.014052 seconds .

========================================================================
Received Import Request.
  Time since last request: 0.000166 seconds.
  path: Assets/ImportedAssets/Blood decal pack/blood/prefab/blood6.prefab
  artifactKey: Guid(14987c031123b98408a165a8bf1288d4) Importer(815301076,1909f56bfc062723c751e8b465ee728b)
Start importing Assets/ImportedAssets/Blood decal pack/blood/prefab/blood6.prefab using Guid(14987c031123b98408a165a8bf1288d4) Importer(815301076,1909f56bfc062723c751e8b465ee728b)  -> (artifact id: 'cf52bf56677ea43c21a7cab8f0321175') in 0.008480 seconds
  Import took 0.011028 seconds .

========================================================================
Received Import Request.
  Time since last request: 0.000157 seconds.
  path: Assets/ImportedAssets/Blood decal pack/blood/prefab/blood3.prefab
  artifactKey: Guid(18a11fd6df8ceb449b8785301026d639) Importer(815301076,1909f56bfc062723c751e8b465ee728b)
Start importing Assets/ImportedAssets/Blood decal pack/blood/prefab/blood3.prefab using Guid(18a11fd6df8ceb449b8785301026d639) Importer(815301076,1909f56bfc062723c751e8b465ee728b)  -> (artifact id: 'd04194ca925697bdd6a7d431d53c7830') in 0.008622 seconds
  Import took 0.011658 seconds .

========================================================================
Received Prepare
Registering precompiled user dll's ...
Registered in 0.000628 seconds.
Begin MonoManager ReloadAssembly
Native extension for WindowsStandalone target not found
Refreshing native plugins compatible for Editor in 0.57 ms, found 0 plugins.
Preloading 0 native plugins for Editor in 0.00 ms.
Invoked RoslynAnalysisRunner static constructor.
RoslynAnalysisRunner will not be running.
RoslynAnalysisRunner has terminated.
Mono: successfully reloaded assembly
- Completed reload, in  0.593 seconds
Platform modules already initialized, skipping
Refreshing native plugins compatible for Editor in 0.58 ms, found 0 plugins.
Preloading 0 native plugins for Editor in 0.00 ms.
Unloading 1576 Unused Serialized files (Serialized files now loaded: 0)
System memory in use before: 176.3 MB.
System memory in use after: 175.8 MB.

Unloading 9 unused Assets to reduce memory usage. Loaded Objects now: 2204.
Total: 1.931600 ms (FindLiveObjects: 0.210900 ms CreateObjectMapping: 0.036900 ms MarkObjects: 1.285800 ms  DeleteObjects: 0.397000 ms)

========================================================================
Received Prepare
Registering precompiled user dll's ...
Registered in 0.000772 seconds.
Begin MonoManager ReloadAssembly
Native extension for WindowsStandalone target not found
Refreshing native plugins compatible for Editor in 0.63 ms, found 0 plugins.
Preloading 0 native plugins for Editor in 0.00 ms.
Invoked RoslynAnalysisRunner static constructor.
RoslynAnalysisRunner will not be running.
RoslynAnalysisRunner has terminated.
Mono: successfully reloaded assembly
- Completed reload, in  0.603 seconds
Platform modules already initialized, skipping
Refreshing native plugins compatible for Editor in 0.59 ms, found 0 plugins.
Preloading 0 native plugins for Editor in 0.00 ms.
Unloading 1576 Unused Serialized files (Serialized files now loaded: 0)
System memory in use before: 176.3 MB.
System memory in use after: 175.8 MB.

Unloading 9 unused Assets to reduce memory usage. Loaded Objects now: 2206.
Total: 2.064900 ms (FindLiveObjects: 0.207700 ms CreateObjectMapping: 0.041300 ms MarkObjects: 1.392100 ms  DeleteObjects: 0.422900 ms)

========================================================================
Received Prepare
Registering precompiled user dll's ...
Registered in 0.000808 seconds.
Begin MonoManager ReloadAssembly
Native extension for WindowsStandalone target not found
Refreshing native plugins compatible for Editor in 0.62 ms, found 0 plugins.
Preloading 0 native plugins for Editor in 0.00 ms.
Invoked RoslynAnalysisRunner static constructor.
RoslynAnalysisRunner will not be running.
RoslynAnalysisRunner has terminated.
Mono: successfully reloaded assembly
- Completed reload, in  0.612 seconds
Platform modules already initialized, skipping
Refreshing native plugins compatible for Editor in 0.82 ms, found 0 plugins.
Preloading 0 native plugins for Editor in 0.00 ms.
Unloading 1576 Unused Serialized files (Serialized files now loaded: 0)
System memory in use before: 176.4 MB.
System memory in use after: 175.8 MB.

Unloading 9 unused Assets to reduce memory usage. Loaded Objects now: 2208.
Total: 1.974200 ms (FindLiveObjects: 0.205300 ms CreateObjectMapping: 0.037100 ms MarkObjects: 1.296500 ms  DeleteObjects: 0.433900 ms)

========================================================================
Received Prepare
Registering precompiled user dll's ...
Registered in 0.000857 seconds.
Begin MonoManager ReloadAssembly
Native extension for WindowsStandalone target not found
Refreshing native plugins compatible for Editor in 0.62 ms, found 0 plugins.
Preloading 0 native plugins for Editor in 0.00 ms.
Invoked RoslynAnalysisRunner static constructor.
RoslynAnalysisRunner will not be running.
RoslynAnalysisRunner has terminated.
Mono: successfully reloaded assembly
- Completed reload, in  0.628 seconds
Platform modules already initialized, skipping
Refreshing native plugins compatible for Editor in 0.62 ms, found 0 plugins.
Preloading 0 native plugins for Editor in 0.00 ms.
Unloading 1576 Unused Serialized files (Serialized files now loaded: 0)
System memory in use before: 176.4 MB.
System memory in use after: 175.8 MB.

Unloading 9 unused Assets to reduce memory usage. Loaded Objects now: 2210.
Total: 1.960900 ms (FindLiveObjects: 0.195700 ms CreateObjectMapping: 0.040800 ms MarkObjects: 1.281300 ms  DeleteObjects: 0.442400 ms)

========================================================================
Received Prepare
Registering precompiled user dll's ...
Registered in 0.000609 seconds.
Begin MonoManager ReloadAssembly
Native extension for WindowsStandalone target not found
Refreshing native plugins compatible for Editor in 0.57 ms, found 0 plugins.
Preloading 0 native plugins for Editor in 0.00 ms.
Invoked RoslynAnalysisRunner static constructor.
RoslynAnalysisRunner will not be running.
RoslynAnalysisRunner has terminated.
Mono: successfully reloaded assembly
- Completed reload, in  0.600 seconds
Platform modules already initialized, skipping
Refreshing native plugins compatible for Editor in 0.59 ms, found 0 plugins.
Preloading 0 native plugins for Editor in 0.00 ms.
Unloading 1576 Unused Serialized files (Serialized files now loaded: 0)
System memory in use before: 176.4 MB.
System memory in use after: 175.8 MB.

Unloading 9 unused Assets to reduce memory usage. Loaded Objects now: 2212.
Total: 2.380500 ms (FindLiveObjects: 0.242800 ms CreateObjectMapping: 0.049100 ms MarkObjects: 1.615600 ms  DeleteObjects: 0.471500 ms)

========================================================================
Received Prepare
Registering precompiled user dll's ...
Registered in 0.000786 seconds.
Begin MonoManager ReloadAssembly
Native extension for WindowsStandalone target not found
Refreshing native plugins compatible for Editor in 0.58 ms, found 0 plugins.
Preloading 0 native plugins for Editor in 0.00 ms.
Invoked RoslynAnalysisRunner static constructor.
RoslynAnalysisRunner will not be running.
RoslynAnalysisRunner has terminated.
Mono: successfully reloaded assembly
- Completed reload, in  0.605 seconds
Platform modules already initialized, skipping
Refreshing native plugins compatible for Editor in 0.57 ms, found 0 plugins.
Preloading 0 native plugins for Editor in 0.00 ms.
Unloading 1576 Unused Serialized files (Serialized files now loaded: 0)
System memory in use before: 176.4 MB.
System memory in use after: 175.8 MB.

Unloading 9 unused Assets to reduce memory usage. Loaded Objects now: 2214.
Total: 1.926000 ms (FindLiveObjects: 0.188300 ms CreateObjectMapping: 0.036300 ms MarkObjects: 1.266900 ms  DeleteObjects: 0.433800 ms)

========================================================================
Received Prepare
Registering precompiled user dll's ...
Registered in 0.000773 seconds.
Begin MonoManager ReloadAssembly
Native extension for WindowsStandalone target not found
Refreshing native plugins compatible for Editor in 0.94 ms, found 0 plugins.
Preloading 0 native plugins for Editor in 0.00 ms.
Invoked RoslynAnalysisRunner static constructor.
RoslynAnalysisRunner will not be running.
RoslynAnalysisRunner has terminated.
Mono: successfully reloaded assembly
- Completed reload, in  0.631 seconds
Platform modules already initialized, skipping
Refreshing native plugins compatible for Editor in 0.61 ms, found 0 plugins.
Preloading 0 native plugins for Editor in 0.00 ms.
Unloading 1576 Unused Serialized files (Serialized files now loaded: 0)
System memory in use before: 176.4 MB.
System memory in use after: 175.8 MB.

Unloading 9 unused Assets to reduce memory usage. Loaded Objects now: 2216.
Total: 2.210400 ms (FindLiveObjects: 0.286900 ms CreateObjectMapping: 0.050200 ms MarkObjects: 1.392900 ms  DeleteObjects: 0.479300 ms)

========================================================================
Received Import Request.
  Time since last request: 1652.771330 seconds.
  path: Assets/00_MyAssets/Sprites/RG7108.jpg
  artifactKey: Guid(de3d98dced88f1a409ec588f98952e73) Importer(815301076,1909f56bfc062723c751e8b465ee728b)
Start importing Assets/00_MyAssets/Sprites/RG7108.jpg using Guid(de3d98dced88f1a409ec588f98952e73) Importer(815301076,1909f56bfc062723c751e8b465ee728b)  -> (artifact id: '9ea7d5089dfd9ce11f48878e3aba00af') in 0.128040 seconds
  Import took 0.144088 seconds .

========================================================================
Received Import Request.
  Time since last request: 9.925188 seconds.
  path: Assets/00_MyAssets/Sprites/RG7108.jpg
  artifactKey: Guid(de3d98dced88f1a409ec588f98952e73) Importer(815301076,1909f56bfc062723c751e8b465ee728b)
Start importing Assets/00_MyAssets/Sprites/RG7108.jpg using Guid(de3d98dced88f1a409ec588f98952e73) Importer(815301076,1909f56bfc062723c751e8b465ee728b)  -> (artifact id: 'f06ee9cde7680dc2c41a75b05dcbe420') in 0.095783 seconds
  Import took 0.101064 seconds .

AssetImportWorkerClient::OnTransportError - code=2 error=End of file
