Using pre-set license
Built from '2020.2/staging' branch; Version is '2020.2.6f1 (8a2143876886) revision 9052483'; Using compiler version '192528614'; Build Type 'Release'
OS: 'Windows 10 Education; OS build 19043.1466; Version 2009; 64bit' Language: 'en' Physical Memory: 16332 MB
BatchMode: 1, IsHumanControllingUs: 0, StartBugReporterOnCrash: 0, Is64bit: 1, IsPro: 0

 COMMAND LINE ARGUMENTS:
E:\Unity\2020.2.6f1\Editor\Unity.exe
-adb2
-batchMode
-noUpm
-name
AssetImportWorker0
-projectPath
E:/Game Dev/Github/Olivia_ZombieSurvival/Olivia_ZombieSurvival/Olivia_ZombieSurvival
-logFile
Logs/AssetImportWorker0.log
-srvPort
54509
Successfully changed project path to: E:/Game Dev/Github/Olivia_ZombieSurvival/Olivia_ZombieSurvival/Olivia_ZombieSurvival
E:/Game Dev/Github/Olivia_ZombieSurvival/Olivia_ZombieSurvival/Olivia_ZombieSurvival
Using Asset Import Pipeline V2.
Refreshing native plugins compatible for Editor in 63.05 ms, found 0 plugins.
Preloading 0 native plugins for Editor in 0.00 ms.
Initialize engine version: 2020.2.6f1 (8a2143876886)
[Subsystems] Discovering subsystems at path E:/Unity/2020.2.6f1/Editor/Data/Resources/UnitySubsystems
[Subsystems] Discovering subsystems at path E:/Game Dev/Github/Olivia_ZombieSurvival/Olivia_ZombieSurvival/Olivia_ZombieSurvival/Assets
GfxDevice: creating device client; threaded=0
Direct3D:
    Version:  Direct3D 11.0 [level 11.1]
    Renderer: NVIDIA GeForce GTX 1660 (ID=0x2184)
    Vendor:   
    VRAM:     5991 MB
    Driver:   27.21.14.5671
Initialize mono
Mono path[0] = 'E:/Unity/2020.2.6f1/Editor/Data/Managed'
Mono path[1] = 'E:/Unity/2020.2.6f1/Editor/Data/MonoBleedingEdge/lib/mono/unityjit'
Mono config path = 'E:/Unity/2020.2.6f1/Editor/Data/MonoBleedingEdge/etc'
Using monoOptions --debugger-agent=transport=dt_socket,embedding=1,server=y,suspend=n,address=127.0.0.1:56460
Begin MonoManager ReloadAssembly
Registering precompiled unity dll's ...
Register platform support module: E:/Unity/2020.2.6f1/Editor/Data/PlaybackEngines/WindowsStandaloneSupport/UnityEditor.WindowsStandalone.Extensions.dll
Registered in 0.000916 seconds.
Native extension for WindowsStandalone target not found
Refreshing native plugins compatible for Editor in 45.42 ms, found 0 plugins.
Preloading 0 native plugins for Editor in 0.00 ms.
Invoked RoslynAnalysisRunner static constructor.
RoslynAnalysisRunner will not be running.
RoslynAnalysisRunner has terminated.
Mono: successfully reloaded assembly
- Completed reload, in  0.684 seconds
Platform modules already initialized, skipping
Registering precompiled user dll's ...
Registered in 0.000484 seconds.
Begin MonoManager ReloadAssembly
Native extension for WindowsStandalone target not found
Refreshing native plugins compatible for Editor in 0.48 ms, found 0 plugins.
Preloading 0 native plugins for Editor in 0.00 ms.
Invoked RoslynAnalysisRunner static constructor.
RoslynAnalysisRunner will not be running.
RoslynAnalysisRunner has terminated.
Mono: successfully reloaded assembly
- Completed reload, in  0.631 seconds
Platform modules already initialized, skipping
========================================================================
Worker process is ready to serve import requests
Launched and connected shader compiler UnityShaderCompiler.exe after 0.05 seconds
Refreshing native plugins compatible for Editor in 0.74 ms, found 0 plugins.
Preloading 0 native plugins for Editor in 0.00 ms.
Unloading 1425 Unused Serialized files (Serialized files now loaded: 0)
System memory in use before: 192.2 MB.
System memory in use after: 191.7 MB.

Unloading 13 unused Assets to reduce memory usage. Loaded Objects now: 1912.
Total: 2.328700 ms (FindLiveObjects: 0.247900 ms CreateObjectMapping: 0.044800 ms MarkObjects: 1.551800 ms  DeleteObjects: 0.482900 ms)

========================================================================
Received Import Request.
  path: Assets/00_MyAssets/Scripts/WeaponHandler.cs
  artifactKey: Guid(29ac49141835cde4684e71f488c50a18) Importer(815301076,1909f56bfc062723c751e8b465ee728b)
Start importing Assets/00_MyAssets/Scripts/WeaponHandler.cs using Guid(29ac49141835cde4684e71f488c50a18) Importer(815301076,1909f56bfc062723c751e8b465ee728b)  -> (artifact id: 'b52834617da1206151539e84d0718d54') in 0.052986 seconds
  Import took 0.095312 seconds .

========================================================================
Received Import Request.
  Time since last request: 0.000194 seconds.
  path: Assets/00_MyAssets/Scripts/Weapon.cs
  artifactKey: Guid(d7fd0f831c5c42b4b933bace635e6011) Importer(815301076,1909f56bfc062723c751e8b465ee728b)
Start importing Assets/00_MyAssets/Scripts/Weapon.cs using Guid(d7fd0f831c5c42b4b933bace635e6011) Importer(815301076,1909f56bfc062723c751e8b465ee728b)  -> (artifact id: '9837148ea536831380d100a132ad827d') in 0.005826 seconds
  Import took 0.007954 seconds .

========================================================================
Received Import Request.
  Time since last request: 1.995045 seconds.
  path: Assets/00_MyAssets/Scripts/UiHandler.cs
  artifactKey: Guid(905a7817513e83f47bd14d051fa2fd74) Importer(815301076,1909f56bfc062723c751e8b465ee728b)
Start importing Assets/00_MyAssets/Scripts/UiHandler.cs using Guid(905a7817513e83f47bd14d051fa2fd74) Importer(815301076,1909f56bfc062723c751e8b465ee728b)  -> (artifact id: 'bb08e0a1d044b6d670a8873d0306747d') in 0.006273 seconds
  Import took 0.025579 seconds .

========================================================================
Received Import Request.
  Time since last request: 2.385800 seconds.
  path: Assets/00_MyAssets/Scripts/PowerBox.cs
  artifactKey: Guid(bb351ec09351cce43988076582cc2f22) Importer(815301076,1909f56bfc062723c751e8b465ee728b)
Start importing Assets/00_MyAssets/Scripts/PowerBox.cs using Guid(bb351ec09351cce43988076582cc2f22) Importer(815301076,1909f56bfc062723c751e8b465ee728b)  -> (artifact id: '21ef4b107a0a45a394850657ca3e7b80') in 0.005742 seconds
  Import took 0.025833 seconds .

========================================================================
Received Import Request.
  Time since last request: 4.160750 seconds.
  path: Assets/00_MyAssets/Scripts/FireDamage.cs
  artifactKey: Guid(4830e093b4612e146907a2f5bf812eac) Importer(815301076,1909f56bfc062723c751e8b465ee728b)
Start importing Assets/00_MyAssets/Scripts/FireDamage.cs using Guid(4830e093b4612e146907a2f5bf812eac) Importer(815301076,1909f56bfc062723c751e8b465ee728b)  -> (artifact id: 'be89ce5d84ef7487ceabc3fd124c4588') in 0.005288 seconds
  Import took 0.019416 seconds .

========================================================================
Received Import Request.
  Time since last request: 322.062952 seconds.
  path: Assets/00_MyAssets/Scenes/SampleScene.unity
  artifactKey: Guid(9fc0d4010bbf28b4594072e72b8655ab) Importer(815301076,1909f56bfc062723c751e8b465ee728b)
Start importing Assets/00_MyAssets/Scenes/SampleScene.unity using Guid(9fc0d4010bbf28b4594072e72b8655ab) Importer(815301076,1909f56bfc062723c751e8b465ee728b)  -> (artifact id: 'a174cdc378c844e9ffeb74055537efb5') in 0.011232 seconds
  Import took 0.040011 seconds .

========================================================================
Received Import Request.
  Time since last request: 6.579451 seconds.
  path: Assets/00_MyAssets/Scenes/Main.unity
  artifactKey: Guid(163adec682b5ccd4c8dbb7766c20f3fb) Importer(815301076,1909f56bfc062723c751e8b465ee728b)
Start importing Assets/00_MyAssets/Scenes/Main.unity using Guid(163adec682b5ccd4c8dbb7766c20f3fb) Importer(815301076,1909f56bfc062723c751e8b465ee728b)  -> (artifact id: '41b551535c94ed28d145ea10f4e487cf') in 0.006009 seconds
  Import took 0.037287 seconds .

========================================================================
Received Import Request.
  Time since last request: 249.027678 seconds.
  path: Assets/_TerrainAutoUpgrade/layer_forest_floorforest_floor_normal1dc7420b2ece7392.terrainlayer
  artifactKey: Guid(734a4e8c53ebda449a32b7e3684c3f8a) Importer(815301076,1909f56bfc062723c751e8b465ee728b)
Start importing Assets/_TerrainAutoUpgrade/layer_forest_floorforest_floor_normal1dc7420b2ece7392.terrainlayer using Guid(734a4e8c53ebda449a32b7e3684c3f8a) Importer(815301076,1909f56bfc062723c751e8b465ee728b)  -> (artifact id: '41eeace5ee0401dac0abdf4447f2b222') in 0.307737 seconds
  Import took 0.333264 seconds .

========================================================================
Received Import Request.
  Time since last request: 0.000179 seconds.
  path: Assets/_TerrainAutoUpgrade/layer_grass_strawgrass_straw_normal1dc7420b2ece7392.terrainlayer
  artifactKey: Guid(9ec94bcdd6c6642469c5bde99c2d853d) Importer(815301076,1909f56bfc062723c751e8b465ee728b)
Start importing Assets/_TerrainAutoUpgrade/layer_grass_strawgrass_straw_normal1dc7420b2ece7392.terrainlayer using Guid(9ec94bcdd6c6642469c5bde99c2d853d) Importer(815301076,1909f56bfc062723c751e8b465ee728b)  -> (artifact id: 'e2a37132a78c5552f290b981a9aeddc5') in 0.006767 seconds
  Import took 0.028402 seconds .

========================================================================
Received Import Request.
  Time since last request: 0.000221 seconds.
  path: Assets/_TerrainAutoUpgrade/layer_grass_strawgrass_straw_normal18c7f28bcf2878ea.terrainlayer
  artifactKey: Guid(c5f4163eab734bf4ea9cefe142bd963b) Importer(815301076,1909f56bfc062723c751e8b465ee728b)
Start importing Assets/_TerrainAutoUpgrade/layer_grass_strawgrass_straw_normal18c7f28bcf2878ea.terrainlayer using Guid(c5f4163eab734bf4ea9cefe142bd963b) Importer(815301076,1909f56bfc062723c751e8b465ee728b)  -> (artifact id: 'b8199399e757ea79be2b895fc03196bd') in 0.005915 seconds
  Import took 0.013520 seconds .

========================================================================
Received Import Request.
  Time since last request: 0.000150 seconds.
  path: Assets/_TerrainAutoUpgrade/layer_forest_floorforest_floor_normal18c7f28bcf2878ea.terrainlayer
  artifactKey: Guid(3531f7b0e566e7f469f67109b80bfc49) Importer(815301076,1909f56bfc062723c751e8b465ee728b)
Start importing Assets/_TerrainAutoUpgrade/layer_forest_floorforest_floor_normal18c7f28bcf2878ea.terrainlayer using Guid(3531f7b0e566e7f469f67109b80bfc49) Importer(815301076,1909f56bfc062723c751e8b465ee728b)  -> (artifact id: '6c7383b661cad41649f622acf43ea142') in 0.045962 seconds
  Import took 0.078082 seconds .

========================================================================
Received Prepare
Registering precompiled user dll's ...
Registered in 0.000776 seconds.
Begin MonoManager ReloadAssembly
Native extension for WindowsStandalone target not found
Refreshing native plugins compatible for Editor in 0.47 ms, found 0 plugins.
Preloading 0 native plugins for Editor in 0.00 ms.
Invoked RoslynAnalysisRunner static constructor.
RoslynAnalysisRunner will not be running.
RoslynAnalysisRunner has terminated.
Mono: successfully reloaded assembly
- Completed reload, in  0.584 seconds
Platform modules already initialized, skipping
Refreshing native plugins compatible for Editor in 0.51 ms, found 0 plugins.
Preloading 0 native plugins for Editor in 0.00 ms.
Unloading 1312 Unused Serialized files (Serialized files now loaded: 0)
System memory in use before: 186.7 MB.
System memory in use after: 186.1 MB.

Unloading 8 unused Assets to reduce memory usage. Loaded Objects now: 1917.
Total: 2.093100 ms (FindLiveObjects: 0.195500 ms CreateObjectMapping: 0.032200 ms MarkObjects: 1.430900 ms  DeleteObjects: 0.433400 ms)

========================================================================
Received Import Request.
  Time since last request: 39.557329 seconds.
  path: Assets/00_MyAssets/Scenes/Olivia_ZombieSurvival
  artifactKey: Guid(5d63d4081694c73469028dbb09230f1b) Importer(815301076,1909f56bfc062723c751e8b465ee728b)
Start importing Assets/00_MyAssets/Scenes/Olivia_ZombieSurvival using Guid(5d63d4081694c73469028dbb09230f1b) Importer(815301076,1909f56bfc062723c751e8b465ee728b)  -> (artifact id: 'e0a46029a4601131d9bba552c7d83957') in 0.007771 seconds
  Import took 0.039213 seconds .

========================================================================
Received Import Request.
  Time since last request: 0.061386 seconds.
  path: Assets/00_MyAssets/Scenes/Olivia_ZombieSurvival/NavMesh.asset
  artifactKey: Guid(6e60cbbe1ea008b45a87921fbe1a1873) Importer(815301076,1909f56bfc062723c751e8b465ee728b)
Start importing Assets/00_MyAssets/Scenes/Olivia_ZombieSurvival/NavMesh.asset using Guid(6e60cbbe1ea008b45a87921fbe1a1873) Importer(815301076,1909f56bfc062723c751e8b465ee728b)  -> (artifact id: 'f6379c35f2abb2e33474c80676d24d16') in 0.079135 seconds
  Import took 0.110973 seconds .

========================================================================
Received Import Request.
  Time since last request: 4.522143 seconds.
  path: Assets/00_MyAssets/Scenes/Profiles
  artifactKey: Guid(e53f870e0a6f50d4aa774929c7ba3555) Importer(815301076,1909f56bfc062723c751e8b465ee728b)
Start importing Assets/00_MyAssets/Scenes/Profiles using Guid(e53f870e0a6f50d4aa774929c7ba3555) Importer(815301076,1909f56bfc062723c751e8b465ee728b)  -> (artifact id: '0e12f5668801f8a0cbf4939268b32ad1') in 0.005795 seconds
  Import took 0.022506 seconds .

========================================================================
Received Import Request.
  Time since last request: 0.031074 seconds.
  path: Assets/00_MyAssets/Scenes/Profiles/DefaultProfile.asset
  artifactKey: Guid(30c76ed8c1bfdec468bc22dee567578c) Importer(815301076,1909f56bfc062723c751e8b465ee728b)
Start importing Assets/00_MyAssets/Scenes/Profiles/DefaultProfile.asset using Guid(30c76ed8c1bfdec468bc22dee567578c) Importer(815301076,1909f56bfc062723c751e8b465ee728b)  -> (artifact id: '097c461596e214264296a2becf98df45') in 0.005153 seconds
  Import took 0.020181 seconds .

========================================================================
Received Import Request.
  Time since last request: 2.199057 seconds.
  path: Assets/00_MyAssets/Scenes/Main
  artifactKey: Guid(f1c25cae5d366b94bba0899612a4ba45) Importer(815301076,1909f56bfc062723c751e8b465ee728b)
Start importing Assets/00_MyAssets/Scenes/Main using Guid(f1c25cae5d366b94bba0899612a4ba45) Importer(815301076,1909f56bfc062723c751e8b465ee728b)  -> (artifact id: 'd7d5942a049597e9bca59ad155565f81') in 0.005392 seconds
  Import took 0.025635 seconds .

========================================================================
Received Import Request.
  Time since last request: 0.070638 seconds.
  path: Assets/00_MyAssets/Scenes/Main/LightingData.asset
  artifactKey: Guid(5ad991571b598ea40b9f6ad91d4d9077) Importer(815301076,1909f56bfc062723c751e8b465ee728b)
Start importing Assets/00_MyAssets/Scenes/Main/LightingData.asset using Guid(5ad991571b598ea40b9f6ad91d4d9077) Importer(815301076,1909f56bfc062723c751e8b465ee728b)  -> (artifact id: '127876f58cd97d4e656c24495e6aaaa8') in 0.058532 seconds
  Import took 0.109559 seconds .

========================================================================
Received Import Request.
  Time since last request: 0.000191 seconds.
  path: Assets/00_MyAssets/Scenes/Main/ReflectionProbe-3.exr
  artifactKey: Guid(f319d2d4df093224684b4dae47534bb6) Importer(815301076,1909f56bfc062723c751e8b465ee728b)
Start importing Assets/00_MyAssets/Scenes/Main/ReflectionProbe-3.exr using Guid(f319d2d4df093224684b4dae47534bb6) Importer(815301076,1909f56bfc062723c751e8b465ee728b)  -> (artifact id: 'fa017f25773100c2758cdc4f156dd295') in 0.203222 seconds
  Import took 0.275649 seconds .

========================================================================
Received Import Request.
  Time since last request: 0.000222 seconds.
  path: Assets/00_MyAssets/Scenes/Main/ReflectionProbe-6.exr
  artifactKey: Guid(4c246300583a15b4690337afb12daf70) Importer(815301076,1909f56bfc062723c751e8b465ee728b)
Start importing Assets/00_MyAssets/Scenes/Main/ReflectionProbe-6.exr using Guid(4c246300583a15b4690337afb12daf70) Importer(815301076,1909f56bfc062723c751e8b465ee728b)  -> (artifact id: 'd2cb69026539599c5c83721fc056539c') in 0.017251 seconds
  Import took 0.028812 seconds .

========================================================================
Received Import Request.
  Time since last request: 0.000219 seconds.
  path: Assets/00_MyAssets/Scenes/Main/ReflectionProbe-1.exr
  artifactKey: Guid(1a72c321dc0ef67408cdc146ea283607) Importer(815301076,1909f56bfc062723c751e8b465ee728b)
Start importing Assets/00_MyAssets/Scenes/Main/ReflectionProbe-1.exr using Guid(1a72c321dc0ef67408cdc146ea283607) Importer(815301076,1909f56bfc062723c751e8b465ee728b)  -> (artifact id: 'e56c317dbda9b8136e6facdc5fc0aa5c') in 0.017521 seconds
  Import took 0.052353 seconds .

========================================================================
Received Import Request.
  Time since last request: 0.000212 seconds.
  path: Assets/00_MyAssets/Scenes/Main/ReflectionProbe-5.exr
  artifactKey: Guid(f22b5645f939fc14eb097b1189fb2c8f) Importer(815301076,1909f56bfc062723c751e8b465ee728b)
Start importing Assets/00_MyAssets/Scenes/Main/ReflectionProbe-5.exr using Guid(f22b5645f939fc14eb097b1189fb2c8f) Importer(815301076,1909f56bfc062723c751e8b465ee728b)  -> (artifact id: '3e34ca0805eb9a301b915694f50e3a6f') in 0.016974 seconds
  Import took 0.073869 seconds .

========================================================================
Received Import Request.
  Time since last request: 0.000200 seconds.
  path: Assets/00_MyAssets/Scenes/Main/Lightmap-1_comp_dir.png
  artifactKey: Guid(930c85f85f52ab0498118329c192ee2c) Importer(815301076,1909f56bfc062723c751e8b465ee728b)
Start importing Assets/00_MyAssets/Scenes/Main/Lightmap-1_comp_dir.png using Guid(930c85f85f52ab0498118329c192ee2c) Importer(815301076,1909f56bfc062723c751e8b465ee728b)  -> (artifact id: '02d1abf82bfbeee36816db05fd86b45b') in 0.059168 seconds
  Import took 0.117108 seconds .

========================================================================
Received Import Request.
  Time since last request: 0.000195 seconds.
  path: Assets/00_MyAssets/Scenes/Main/Lightmap-1_comp_light.exr
  artifactKey: Guid(5c2abfa81b784154abbfcfd22f2e73a1) Importer(815301076,1909f56bfc062723c751e8b465ee728b)
Start importing Assets/00_MyAssets/Scenes/Main/Lightmap-1_comp_light.exr using Guid(5c2abfa81b784154abbfcfd22f2e73a1) Importer(815301076,1909f56bfc062723c751e8b465ee728b)  -> (artifact id: '06cffe1fe594fc7a30b7594a5f1c6ecd') in 0.040558 seconds
  Import took 0.130740 seconds .

========================================================================
Received Import Request.
  Time since last request: 0.000204 seconds.
  path: Assets/00_MyAssets/Scenes/Main/ReflectionProbe-7.exr
  artifactKey: Guid(5debba57b5b312647adf406fd49d2d1d) Importer(815301076,1909f56bfc062723c751e8b465ee728b)
Start importing Assets/00_MyAssets/Scenes/Main/ReflectionProbe-7.exr using Guid(5debba57b5b312647adf406fd49d2d1d) Importer(815301076,1909f56bfc062723c751e8b465ee728b)  -> (artifact id: '09449f5d5de62ef14a51536f5f51bb37') in 0.044881 seconds
  Import took 0.071376 seconds .

========================================================================
Received Import Request.
  Time since last request: 0.000174 seconds.
  path: Assets/00_MyAssets/Scenes/Main/ReflectionProbe-4.exr
  artifactKey: Guid(8bff01e3b001df7459b7334c615fc50d) Importer(815301076,1909f56bfc062723c751e8b465ee728b)
Start importing Assets/00_MyAssets/Scenes/Main/ReflectionProbe-4.exr using Guid(8bff01e3b001df7459b7334c615fc50d) Importer(815301076,1909f56bfc062723c751e8b465ee728b)  -> (artifact id: '91ad06d6f89b0f7b126050f38567d5e8') in 0.012026 seconds
  Import took 0.049519 seconds .

========================================================================
Received Import Request.
  Time since last request: 0.000177 seconds.
  path: Assets/00_MyAssets/Scenes/Main/ReflectionProbe-9.exr
  artifactKey: Guid(d076206b94113aa4cafb7a64d3bad847) Importer(815301076,1909f56bfc062723c751e8b465ee728b)
Start importing Assets/00_MyAssets/Scenes/Main/ReflectionProbe-9.exr using Guid(d076206b94113aa4cafb7a64d3bad847) Importer(815301076,1909f56bfc062723c751e8b465ee728b)  -> (artifact id: 'c322135b4804f08b7a2cfdf100146640') in 0.014131 seconds
  Import took 0.042716 seconds .

========================================================================
Received Import Request.
  Time since last request: 0.000193 seconds.
  path: Assets/00_MyAssets/Scenes/Main/Lightmap-0_comp_dir.png
  artifactKey: Guid(d23ce938ae7d9b24bb791e4a71d3388f) Importer(815301076,1909f56bfc062723c751e8b465ee728b)
Start importing Assets/00_MyAssets/Scenes/Main/Lightmap-0_comp_dir.png using Guid(d23ce938ae7d9b24bb791e4a71d3388f) Importer(815301076,1909f56bfc062723c751e8b465ee728b)  -> (artifact id: '1ccfa20b70dd302b15df1dcdcf181bde') in 0.009609 seconds
  Import took 0.015133 seconds .

========================================================================
Received Import Request.
  Time since last request: 0.000152 seconds.
  path: Assets/00_MyAssets/Scenes/Main/Lightmap-0_comp_light.exr
  artifactKey: Guid(38645482f82302843938b3d9b2b8e345) Importer(815301076,1909f56bfc062723c751e8b465ee728b)
Start importing Assets/00_MyAssets/Scenes/Main/Lightmap-0_comp_light.exr using Guid(38645482f82302843938b3d9b2b8e345) Importer(815301076,1909f56bfc062723c751e8b465ee728b)  -> (artifact id: '0539dcdb2012d380e6486fdf7921169b') in 0.029013 seconds
  Import took 0.031869 seconds .

========================================================================
Received Import Request.
  Time since last request: 0.000153 seconds.
  path: Assets/00_MyAssets/Scenes/Main/ReflectionProbe-0.exr
  artifactKey: Guid(14d99eba68deb5c419739be53229234f) Importer(815301076,1909f56bfc062723c751e8b465ee728b)
Start importing Assets/00_MyAssets/Scenes/Main/ReflectionProbe-0.exr using Guid(14d99eba68deb5c419739be53229234f) Importer(815301076,1909f56bfc062723c751e8b465ee728b)  -> (artifact id: '341d184f0f4a32b7046778672210421b') in 0.013911 seconds
  Import took 0.042251 seconds .

========================================================================
Received Import Request.
  Time since last request: 0.000183 seconds.
  path: Assets/00_MyAssets/Scenes/Main/Lightmap-0_comp_light.exr
  artifactKey: Guid(38645482f82302843938b3d9b2b8e345) Importer(815301076,1909f56bfc062723c751e8b465ee728b)
Start importing Assets/00_MyAssets/Scenes/Main/Lightmap-0_comp_light.exr using Guid(38645482f82302843938b3d9b2b8e345) Importer(815301076,1909f56bfc062723c751e8b465ee728b)  -> (artifact id: '0539dcdb2012d380e6486fdf7921169b') in 0.010872 seconds
  Import took 0.019369 seconds .

========================================================================
Received Import Request.
  Time since last request: 0.000196 seconds.
  path: Assets/00_MyAssets/Scenes/Main/ReflectionProbe-8.exr
  artifactKey: Guid(218bb83e223fd5946a08a96e879ca127) Importer(815301076,1909f56bfc062723c751e8b465ee728b)
Start importing Assets/00_MyAssets/Scenes/Main/ReflectionProbe-8.exr using Guid(218bb83e223fd5946a08a96e879ca127) Importer(815301076,1909f56bfc062723c751e8b465ee728b)  -> (artifact id: '4c4212c098bd92e7de209cb9ea15b85e') in 0.013766 seconds
  Import took 0.026278 seconds .

========================================================================
Received Import Request.
  Time since last request: 0.000174 seconds.
  path: Assets/00_MyAssets/Scenes/Main/ReflectionProbe-2.exr
  artifactKey: Guid(5c1be5c0a92e945418a09e0b4b56cd15) Importer(815301076,1909f56bfc062723c751e8b465ee728b)
Start importing Assets/00_MyAssets/Scenes/Main/ReflectionProbe-2.exr using Guid(5c1be5c0a92e945418a09e0b4b56cd15) Importer(815301076,1909f56bfc062723c751e8b465ee728b)  -> (artifact id: 'c0ec66d98ba3c363d5df0aabe380ec4a') in 0.014093 seconds
  Import took 0.059632 seconds .

========================================================================
Received Import Request.
  Time since last request: 20.553139 seconds.
  path: Assets/00_MyAssets/Scenes/Olivia_ZombieSurvival.unity
  artifactKey: Guid(07ebf441dd857574a8a70ba2e74de054) Importer(815301076,1909f56bfc062723c751e8b465ee728b)
Start importing Assets/00_MyAssets/Scenes/Olivia_ZombieSurvival.unity using Guid(07ebf441dd857574a8a70ba2e74de054) Importer(815301076,1909f56bfc062723c751e8b465ee728b)  -> (artifact id: '692ed3bef4959be98add534b311a1ab6') in 0.005763 seconds
  Import took 0.031746 seconds .

========================================================================
Received Import Request.
  Time since last request: 3684.286863 seconds.
  path: Assets/00_MyAssets/Textures
  artifactKey: Guid(a7eafef7d5b02d44da700dbd13e6bc60) Importer(815301076,1909f56bfc062723c751e8b465ee728b)
Start importing Assets/00_MyAssets/Textures using Guid(a7eafef7d5b02d44da700dbd13e6bc60) Importer(815301076,1909f56bfc062723c751e8b465ee728b)  -> (artifact id: 'ac23c0a06520c9989919c7d97c2e55d0') in 0.005705 seconds
  Import took 0.023067 seconds .

========================================================================
Received Import Request.
  Time since last request: 0.000400 seconds.
  path: Assets/00_MyAssets/Textures
  artifactKey: Guid(a7eafef7d5b02d44da700dbd13e6bc60) Importer(815301076,1909f56bfc062723c751e8b465ee728b)
Start importing Assets/00_MyAssets/Textures using Guid(a7eafef7d5b02d44da700dbd13e6bc60) Importer(815301076,1909f56bfc062723c751e8b465ee728b)  -> (artifact id: 'ac23c0a06520c9989919c7d97c2e55d0') in 0.001780 seconds
  Import took 0.003703 seconds .

========================================================================
Received Import Request.
  Time since last request: 19.340982 seconds.
  path: Assets/00_MyAssets/Textures/miniMapTexture.renderTexture
  artifactKey: Guid(a541da129b146fc4294d414773957dad) Importer(815301076,1909f56bfc062723c751e8b465ee728b)
Start importing Assets/00_MyAssets/Textures/miniMapTexture.renderTexture using Guid(a541da129b146fc4294d414773957dad) Importer(815301076,1909f56bfc062723c751e8b465ee728b)  -> (artifact id: 'c9754832ed6a2b280ea80b16c5bdf041') in 0.020296 seconds
  Import took 0.041700 seconds .

========================================================================
Received Import Request.
  Time since last request: 98.442618 seconds.
  path: Assets/Flooded_Grounds/PostProcessing/Utilities/CustomMotionTexture/Textures/DebugMotionVectors.png
  artifactKey: Guid(3aac3087967ea4fae858ec0494fd24d9) Importer(815301076,1909f56bfc062723c751e8b465ee728b)
Start importing Assets/Flooded_Grounds/PostProcessing/Utilities/CustomMotionTexture/Textures/DebugMotionVectors.png using Guid(3aac3087967ea4fae858ec0494fd24d9) Importer(815301076,1909f56bfc062723c751e8b465ee728b)  -> (artifact id: '8aa54864a1b471d5d16b2abf18c51a44') in 0.047074 seconds
  Import took 0.072146 seconds .

========================================================================
Received Import Request.
  Time since last request: 0.000178 seconds.
  path: Assets/EffectExamples/Fire & Explosion Effects/Textures/MediumFlame01Emission.tif
  artifactKey: Guid(c6ea76e08bf04fa4b959f8b193bd459c) Importer(815301076,1909f56bfc062723c751e8b465ee728b)
Start importing Assets/EffectExamples/Fire & Explosion Effects/Textures/MediumFlame01Emission.tif using Guid(c6ea76e08bf04fa4b959f8b193bd459c) Importer(815301076,1909f56bfc062723c751e8b465ee728b)  -> (artifact id: '1e4860723fa50ce26353182439140fe6') in 0.016938 seconds
  Import took 0.049647 seconds .

========================================================================
Received Import Request.
  Time since last request: 0.000156 seconds.
  path: Assets/Standard Assets/Characters/ThirdPersonCharacter/Textures/EthanNormals.png
  artifactKey: Guid(3b5b7be0f2332c24f89a2af018daa62d) Importer(815301076,1909f56bfc062723c751e8b465ee728b)
Start importing Assets/Standard Assets/Characters/ThirdPersonCharacter/Textures/EthanNormals.png using Guid(3b5b7be0f2332c24f89a2af018daa62d) Importer(815301076,1909f56bfc062723c751e8b465ee728b)  -> (artifact id: 'd60f8fc77162bd136bf0a3afccef0d18') in 0.280890 seconds
  Import took 0.329192 seconds .

========================================================================
Received Import Request.
  Time since last request: 0.000179 seconds.
  path: Assets/RPG_FPS_game_assets_industrial/Map_v2/Lightmap-1_comp_light.exr
  artifactKey: Guid(aeb69af96cbdb8b4cab9b9f62c00d7c7) Importer(815301076,1909f56bfc062723c751e8b465ee728b)
Start importing Assets/RPG_FPS_game_assets_industrial/Map_v2/Lightmap-1_comp_light.exr using Guid(aeb69af96cbdb8b4cab9b9f62c00d7c7) Importer(815301076,1909f56bfc062723c751e8b465ee728b)  -> (artifact id: 'ba4a8c537a8698768724fc9edc27755b') in 0.253784 seconds
  Import took 0.292080 seconds .

========================================================================
Received Import Request.
  Time since last request: 0.000158 seconds.
  path: Assets/RPG_FPS_game_assets_industrial/Map_v2/Lightmap-3_comp_light.exr
  artifactKey: Guid(192e6daa4a2a3564fa9666141890e3d0) Importer(815301076,1909f56bfc062723c751e8b465ee728b)
Start importing Assets/RPG_FPS_game_assets_industrial/Map_v2/Lightmap-3_comp_light.exr using Guid(192e6daa4a2a3564fa9666141890e3d0) Importer(815301076,1909f56bfc062723c751e8b465ee728b)  -> (artifact id: 'fbff1366ed1ab337b1fa0b95653fc1b3') in 0.268546 seconds
  Import took 0.333019 seconds .

========================================================================
Received Import Request.
  Time since last request: 0.000182 seconds.
  path: Assets/Modern Weapons Pack/M4A1/Textures/M4A1 Sopmod Body NRM.png
  artifactKey: Guid(860fea0ed45bfc7439afcaba1886fe18) Importer(815301076,1909f56bfc062723c751e8b465ee728b)
Start importing Assets/Modern Weapons Pack/M4A1/Textures/M4A1 Sopmod Body NRM.png using Guid(860fea0ed45bfc7439afcaba1886fe18) Importer(815301076,1909f56bfc062723c751e8b465ee728b)  -> (artifact id: '6e36fd5f0f1a9a52b3ee4887c102e832') in 0.083715 seconds
  Import took 0.124258 seconds .

========================================================================
Received Import Request.
  Time since last request: 0.000182 seconds.
  path: Assets/Modern Weapons Pack/M4A1/Textures/M4A1 Sopmod Iron Sight Diffuse.tga
  artifactKey: Guid(29fe2852d1937c34298a8e0a62120458) Importer(815301076,1909f56bfc062723c751e8b465ee728b)
Start importing Assets/Modern Weapons Pack/M4A1/Textures/M4A1 Sopmod Iron Sight Diffuse.tga using Guid(29fe2852d1937c34298a8e0a62120458) Importer(815301076,1909f56bfc062723c751e8b465ee728b)  -> (artifact id: 'de353377a39330df133da7a6da79bdaf') in 0.293343 seconds
  Import took 0.335464 seconds .

========================================================================
Received Import Request.
  Time since last request: 0.000200 seconds.
  path: Assets/RPG_FPS_game_assets_industrial/Map_v2/Lightmap-2_comp_light.exr
  artifactKey: Guid(b05c768f841313a47bd574782ba4fe40) Importer(815301076,1909f56bfc062723c751e8b465ee728b)
Start importing Assets/RPG_FPS_game_assets_industrial/Map_v2/Lightmap-2_comp_light.exr using Guid(b05c768f841313a47bd574782ba4fe40) Importer(815301076,1909f56bfc062723c751e8b465ee728b)  -> (artifact id: '8371a766e36abb1408d63bc115764fae') in 0.168431 seconds
  Import took 0.198138 seconds .

========================================================================
Received Import Request.
  Time since last request: 0.000193 seconds.
  path: Assets/EffectExamples/Fire & Explosion Effects/Textures/ExplosionEmission.tif
  artifactKey: Guid(05db667749fd79541b026bff39d94a66) Importer(815301076,1909f56bfc062723c751e8b465ee728b)
Start importing Assets/EffectExamples/Fire & Explosion Effects/Textures/ExplosionEmission.tif using Guid(05db667749fd79541b026bff39d94a66) Importer(815301076,1909f56bfc062723c751e8b465ee728b)  -> (artifact id: 'bada2fb4683dfa6c2eca8f72fb9217e9') in 0.009559 seconds
  Import took 0.047928 seconds .

========================================================================
Received Import Request.
  Time since last request: 0.000179 seconds.
  path: Assets/TextMesh Pro/Sprites/EmojiOne.png
  artifactKey: Guid(dffef66376be4fa480fb02b19edbe903) Importer(815301076,1909f56bfc062723c751e8b465ee728b)
Start importing Assets/TextMesh Pro/Sprites/EmojiOne.png using Guid(dffef66376be4fa480fb02b19edbe903) Importer(815301076,1909f56bfc062723c751e8b465ee728b)  -> (artifact id: '9b31e49411c0dab32c403a105d6b37b3') in 0.008184 seconds
  Import took 0.063763 seconds .

========================================================================
Received Import Request.
  Time since last request: 0.000221 seconds.
  path: Assets/Modern Weapons Pack/M4A1/Textures/M4A1 Sopmod Iron Sight NRM.png
  artifactKey: Guid(79537cb22490db943869380dad470537) Importer(815301076,1909f56bfc062723c751e8b465ee728b)
Start importing Assets/Modern Weapons Pack/M4A1/Textures/M4A1 Sopmod Iron Sight NRM.png using Guid(79537cb22490db943869380dad470537) Importer(815301076,1909f56bfc062723c751e8b465ee728b)  -> (artifact id: 'e3c807a110eb0de5e7c96676f0266e0b') in 0.099039 seconds
  Import took 0.126559 seconds .

========================================================================
Received Import Request.
  Time since last request: 0.000165 seconds.
  path: Assets/RPG_FPS_game_assets_industrial/Dumpsters/Dumpsters_v1/Source/Dumpsters_v1.tga
  artifactKey: Guid(8d573834b9816fa48b0bebb9c00194f0) Importer(815301076,1909f56bfc062723c751e8b465ee728b)
Start importing Assets/RPG_FPS_game_assets_industrial/Dumpsters/Dumpsters_v1/Source/Dumpsters_v1.tga using Guid(8d573834b9816fa48b0bebb9c00194f0) Importer(815301076,1909f56bfc062723c751e8b465ee728b)  -> (artifact id: '5f0e5f71b6858e2384c4d2986c07fd71') in 0.113321 seconds
  Import took 0.171674 seconds .

========================================================================
Received Import Request.
  Time since last request: 0.000177 seconds.
  path: Assets/Modern Weapons Pack/M4A1/Textures/M4A1 Sopmod Magazine Diffuse.tga
  artifactKey: Guid(b4995d0606532504c8ba322aa63701eb) Importer(815301076,1909f56bfc062723c751e8b465ee728b)
Start importing Assets/Modern Weapons Pack/M4A1/Textures/M4A1 Sopmod Magazine Diffuse.tga using Guid(b4995d0606532504c8ba322aa63701eb) Importer(815301076,1909f56bfc062723c751e8b465ee728b)  -> (artifact id: '742b28b854d3d956ff567612893f6f55') in 0.108966 seconds
  Import took 0.191389 seconds .

========================================================================
Received Import Request.
  Time since last request: 0.000199 seconds.
  path: Assets/RPG_FPS_game_assets_industrial/Map_v2/Lightmap-0_comp_light.exr
  artifactKey: Guid(ca091a4cc8ed9c24895d87f1dfc51549) Importer(815301076,1909f56bfc062723c751e8b465ee728b)
Start importing Assets/RPG_FPS_game_assets_industrial/Map_v2/Lightmap-0_comp_light.exr using Guid(ca091a4cc8ed9c24895d87f1dfc51549) Importer(815301076,1909f56bfc062723c751e8b465ee728b)  -> (artifact id: '85e5e0eb407b2256c20ba883020c2e34') in 0.308856 seconds
  Import took 0.373990 seconds .

========================================================================
Received Import Request.
  Time since last request: 0.000198 seconds.
  path: Assets/Flooded_Grounds/PostProcessing/Utilities/CustomMotionTexture/Textures/DebugMotionVectors.png
  artifactKey: Guid(3aac3087967ea4fae858ec0494fd24d9) Importer(815301076,1909f56bfc062723c751e8b465ee728b)
Start importing Assets/Flooded_Grounds/PostProcessing/Utilities/CustomMotionTexture/Textures/DebugMotionVectors.png using Guid(3aac3087967ea4fae858ec0494fd24d9) Importer(815301076,1909f56bfc062723c751e8b465ee728b)  -> (artifact id: '8aa54864a1b471d5d16b2abf18c51a44') in 0.010489 seconds
  Import took 0.013058 seconds .

========================================================================
Received Import Request.
  Time since last request: 0.000179 seconds.
  path: Assets/RPG_FPS_game_assets_industrial/Map_v1/Lightmap-0_comp_light.exr
  artifactKey: Guid(5c06d26fd58024a4fb4a5a9e8bde8865) Importer(815301076,1909f56bfc062723c751e8b465ee728b)
Start importing Assets/RPG_FPS_game_assets_industrial/Map_v1/Lightmap-0_comp_light.exr using Guid(5c06d26fd58024a4fb4a5a9e8bde8865) Importer(815301076,1909f56bfc062723c751e8b465ee728b)  -> (artifact id: '27c609e60fbde512e910dd99baf48f2c') in 0.167342 seconds
  Import took 0.251799 seconds .

========================================================================
Received Import Request.
  Time since last request: 0.000187 seconds.
  path: Assets/EffectExamples/Magic Effects/Textures/EarthCrackEmissive.tif
  artifactKey: Guid(77c621fe6d401b943993b4d3131e17a1) Importer(815301076,1909f56bfc062723c751e8b465ee728b)
Start importing Assets/EffectExamples/Magic Effects/Textures/EarthCrackEmissive.tif using Guid(77c621fe6d401b943993b4d3131e17a1) Importer(815301076,1909f56bfc062723c751e8b465ee728b)  -> (artifact id: '3a01078315b87b459e00b789b4a01964') in 0.010027 seconds
  Import took 0.096298 seconds .

========================================================================
Received Import Request.
  Time since last request: 0.000181 seconds.
  path: Assets/Modern Weapons Pack/M4A1/Textures/M4A1 Sopmod Body Diffuse.tga
  artifactKey: Guid(0eb1f99533c68e746816468abdb1392f) Importer(815301076,1909f56bfc062723c751e8b465ee728b)
Start importing Assets/Modern Weapons Pack/M4A1/Textures/M4A1 Sopmod Body Diffuse.tga using Guid(0eb1f99533c68e746816468abdb1392f) Importer(815301076,1909f56bfc062723c751e8b465ee728b)  -> (artifact id: '5e2e78172c02f84c3bd61198c55dd9ed') in 0.083175 seconds
  Import took 0.110999 seconds .

========================================================================
Received Import Request.
  Time since last request: 0.000166 seconds.
  path: Assets/EffectExamples/Magic Effects/Textures/EarthCrackNormal.tif
  artifactKey: Guid(8af32bd080d13b44d8045a88019902ed) Importer(815301076,1909f56bfc062723c751e8b465ee728b)
Start importing Assets/EffectExamples/Magic Effects/Textures/EarthCrackNormal.tif using Guid(8af32bd080d13b44d8045a88019902ed) Importer(815301076,1909f56bfc062723c751e8b465ee728b)  -> (artifact id: 'bb59c93ef1da95267e20171bd5df3708') in 0.009417 seconds
  Import took 0.011668 seconds .

========================================================================
Received Import Request.
  Time since last request: 0.000175 seconds.
  path: Assets/EffectExamples/Fire & Explosion Effects/Textures/MediumFlame01.tif
  artifactKey: Guid(1b9340725602e9d40a4e86d4b9dfcb78) Importer(815301076,1909f56bfc062723c751e8b465ee728b)
Start importing Assets/EffectExamples/Fire & Explosion Effects/Textures/MediumFlame01.tif using Guid(1b9340725602e9d40a4e86d4b9dfcb78) Importer(815301076,1909f56bfc062723c751e8b465ee728b)  -> (artifact id: '1844b9676cb6e647f0ea46dc45f34b9b') in 0.093236 seconds
  Import took 0.122381 seconds .

========================================================================
Received Import Request.
  Time since last request: 38.949152 seconds.
  path: Assets/00_MyAssets/Textures/miniMapTexture.renderTexture
  artifactKey: Guid(a541da129b146fc4294d414773957dad) Importer(815301076,1909f56bfc062723c751e8b465ee728b)
Start importing Assets/00_MyAssets/Textures/miniMapTexture.renderTexture using Guid(a541da129b146fc4294d414773957dad) Importer(815301076,1909f56bfc062723c751e8b465ee728b)  -> (artifact id: '57c425ef820a833e30e41f08c9a136f9') in 0.016422 seconds
  Import took 0.084231 seconds .

========================================================================
Received Import Request.
  Time since last request: 2109.075213 seconds.
  path: Assets/00_MyAssets/Scripts/MMCamera.cs
  artifactKey: Guid(f9bb739aff2d9e644bfffba475318571) Importer(815301076,1909f56bfc062723c751e8b465ee728b)
Start importing Assets/00_MyAssets/Scripts/MMCamera.cs using Guid(f9bb739aff2d9e644bfffba475318571) Importer(815301076,1909f56bfc062723c751e8b465ee728b)  -> (artifact id: '0bf79e908a308026e06ebdad5a12ca41') in 0.006117 seconds
  Import took 0.036206 seconds .

========================================================================
Received Prepare
Registering precompiled user dll's ...
Registered in 0.000704 seconds.
Begin MonoManager ReloadAssembly
Native extension for WindowsStandalone target not found
Refreshing native plugins compatible for Editor in 0.46 ms, found 0 plugins.
Preloading 0 native plugins for Editor in 0.00 ms.
Invoked RoslynAnalysisRunner static constructor.
RoslynAnalysisRunner will not be running.
RoslynAnalysisRunner has terminated.
Mono: successfully reloaded assembly
- Completed reload, in  0.613 seconds
Platform modules already initialized, skipping
Refreshing native plugins compatible for Editor in 0.45 ms, found 0 plugins.
Preloading 0 native plugins for Editor in 0.00 ms.
Unloading 1313 Unused Serialized files (Serialized files now loaded: 0)
System memory in use before: 187.3 MB.
System memory in use after: 186.8 MB.

Unloading 8 unused Assets to reduce memory usage. Loaded Objects now: 1959.
Total: 2.414500 ms (FindLiveObjects: 0.193300 ms CreateObjectMapping: 0.043500 ms MarkObjects: 1.596800 ms  DeleteObjects: 0.579800 ms)

========================================================================
Received Prepare
Registering precompiled user dll's ...
Registered in 0.000787 seconds.
Begin MonoManager ReloadAssembly
Native extension for WindowsStandalone target not found
Refreshing native plugins compatible for Editor in 0.50 ms, found 0 plugins.
Preloading 0 native plugins for Editor in 0.00 ms.
Invoked RoslynAnalysisRunner static constructor.
RoslynAnalysisRunner will not be running.
RoslynAnalysisRunner has terminated.
Mono: successfully reloaded assembly
- Completed reload, in  0.602 seconds
Platform modules already initialized, skipping
Refreshing native plugins compatible for Editor in 0.49 ms, found 0 plugins.
Preloading 0 native plugins for Editor in 0.00 ms.
Unloading 1313 Unused Serialized files (Serialized files now loaded: 0)
System memory in use before: 187.3 MB.
System memory in use after: 186.8 MB.

Unloading 8 unused Assets to reduce memory usage. Loaded Objects now: 1961.
Total: 2.242800 ms (FindLiveObjects: 0.183200 ms CreateObjectMapping: 0.031700 ms MarkObjects: 1.479400 ms  DeleteObjects: 0.546500 ms)

========================================================================
Received Import Request.
  Time since last request: 169.075333 seconds.
  path: Assets/00_MyAssets/Scripts/MMCamera.cs
  artifactKey: Guid(f9bb739aff2d9e644bfffba475318571) Importer(815301076,1909f56bfc062723c751e8b465ee728b)
Start importing Assets/00_MyAssets/Scripts/MMCamera.cs using Guid(f9bb739aff2d9e644bfffba475318571) Importer(815301076,1909f56bfc062723c751e8b465ee728b)  -> (artifact id: 'f8efcd29501fa1645c193e2f167dc442') in 0.003665 seconds
  Import took 0.050605 seconds .

========================================================================
Received Prepare
Registering precompiled user dll's ...
Registered in 0.000619 seconds.
Begin MonoManager ReloadAssembly
Native extension for WindowsStandalone target not found
Refreshing native plugins compatible for Editor in 0.46 ms, found 0 plugins.
Preloading 0 native plugins for Editor in 0.00 ms.
Invoked RoslynAnalysisRunner static constructor.
RoslynAnalysisRunner will not be running.
RoslynAnalysisRunner has terminated.
Mono: successfully reloaded assembly
- Completed reload, in  0.576 seconds
Platform modules already initialized, skipping
Refreshing native plugins compatible for Editor in 0.48 ms, found 0 plugins.
Preloading 0 native plugins for Editor in 0.00 ms.
Unloading 1313 Unused Serialized files (Serialized files now loaded: 0)
System memory in use before: 187.4 MB.
System memory in use after: 186.8 MB.

Unloading 8 unused Assets to reduce memory usage. Loaded Objects now: 1963.
Total: 2.207200 ms (FindLiveObjects: 0.186800 ms CreateObjectMapping: 0.041200 ms MarkObjects: 1.412500 ms  DeleteObjects: 0.565500 ms)

========================================================================
Received Import Request.
  Time since last request: 495.316297 seconds.
  path: Assets/00_MyAssets/Textures/miniMapTexture.renderTexture
  artifactKey: Guid(a541da129b146fc4294d414773957dad) Importer(815301076,1909f56bfc062723c751e8b465ee728b)
Start importing Assets/00_MyAssets/Textures/miniMapTexture.renderTexture using Guid(a541da129b146fc4294d414773957dad) Importer(815301076,1909f56bfc062723c751e8b465ee728b)  -> (artifact id: 'f1d0844eea97f62436ea04fedfedf8ca') in 0.051198 seconds
  Import took 0.079816 seconds .

========================================================================
Received Import Request.
  Time since last request: 0.995971 seconds.
  path: Assets/00_MyAssets/Textures/miniMapTexture.renderTexture
  artifactKey: Guid(a541da129b146fc4294d414773957dad) Importer(815301076,1909f56bfc062723c751e8b465ee728b)
Start importing Assets/00_MyAssets/Textures/miniMapTexture.renderTexture using Guid(a541da129b146fc4294d414773957dad) Importer(815301076,1909f56bfc062723c751e8b465ee728b)  -> (artifact id: 'f1d0844eea97f62436ea04fedfedf8ca') in 0.004621 seconds
  Import took 0.006871 seconds .

========================================================================
Received Prepare
Registering precompiled user dll's ...
Registered in 0.000518 seconds.
Begin MonoManager ReloadAssembly
Native extension for WindowsStandalone target not found
Refreshing native plugins compatible for Editor in 0.49 ms, found 0 plugins.
Preloading 0 native plugins for Editor in 0.00 ms.
Invoked RoslynAnalysisRunner static constructor.
RoslynAnalysisRunner will not be running.
RoslynAnalysisRunner has terminated.
Mono: successfully reloaded assembly
- Completed reload, in  0.581 seconds
Platform modules already initialized, skipping
Refreshing native plugins compatible for Editor in 0.52 ms, found 0 plugins.
Preloading 0 native plugins for Editor in 0.00 ms.
Unloading 1313 Unused Serialized files (Serialized files now loaded: 0)
System memory in use before: 187.4 MB.
System memory in use after: 186.8 MB.

Unloading 8 unused Assets to reduce memory usage. Loaded Objects now: 1966.
Total: 2.175700 ms (FindLiveObjects: 0.170600 ms CreateObjectMapping: 0.031000 ms MarkObjects: 1.356800 ms  DeleteObjects: 0.616400 ms)

